{"total": {"lines":{"total":446,"covered":249,"skipped":0,"pct":55.82},"statements":{"total":502,"covered":285,"skipped":0,"pct":56.77},"functions":{"total":62,"covered":33,"skipped":0,"pct":53.22},"branches":{"total":242,"covered":122,"skipped":0,"pct":50.41},"branchesTrue":{"total":0,"covered":0,"skipped":0,"pct":100}}
,"C:\\Users\\zhari\\OneDrive\\Escritorio\\TechMentor-MD25\\tech-mentor\\src\\app.controller.ts": {"lines":{"total":6,"covered":6,"skipped":0,"pct":100},"functions":{"total":2,"covered":2,"skipped":0,"pct":100},"statements":{"total":8,"covered":8,"skipped":0,"pct":100},"branches":{"total":4,"covered":3,"skipped":0,"pct":75}}
,"C:\\Users\\zhari\\OneDrive\\Escritorio\\TechMentor-MD25\\tech-mentor\\src\\app.module.ts": {"lines":{"total":13,"covered":0,"skipped":0,"pct":0},"functions":{"total":0,"covered":0,"skipped":0,"pct":100},"statements":{"total":15,"covered":0,"skipped":0,"pct":0},"branches":{"total":2,"covered":0,"skipped":0,"pct":0}}
,"C:\\Users\\zhari\\OneDrive\\Escritorio\\TechMentor-MD25\\tech-mentor\\src\\app.service.ts": {"lines":{"total":3,"covered":3,"skipped":0,"pct":100},"functions":{"total":1,"covered":1,"skipped":0,"pct":100},"statements":{"total":5,"covered":5,"skipped":0,"pct":100},"branches":{"total":0,"covered":0,"skipped":0,"pct":100}}
,"C:\\Users\\zhari\\OneDrive\\Escritorio\\TechMentor-MD25\\tech-mentor\\src\\data-source.ts": {"lines":{"total":22,"covered":0,"skipped":0,"pct":0},"functions":{"total":0,"covered":0,"skipped":0,"pct":100},"statements":{"total":22,"covered":0,"skipped":0,"pct":0},"branches":{"total":22,"covered":0,"skipped":0,"pct":0}}
,"C:\\Users\\zhari\\OneDrive\\Escritorio\\TechMentor-MD25\\tech-mentor\\src\\main.ts": {"lines":{"total":12,"covered":0,"skipped":0,"pct":0},"functions":{"total":1,"covered":0,"skipped":0,"pct":0},"statements":{"total":12,"covered":0,"skipped":0,"pct":0},"branches":{"total":2,"covered":0,"skipped":0,"pct":0}}
,"C:\\Users\\zhari\\OneDrive\\Escritorio\\TechMentor-MD25\\tech-mentor\\src\\common\\decorators\\roles.decorator.ts": {"lines":{"total":3,"covered":3,"skipped":0,"pct":100},"functions":{"total":1,"covered":1,"skipped":0,"pct":100},"statements":{"total":5,"covered":5,"skipped":0,"pct":100},"branches":{"total":0,"covered":0,"skipped":0,"pct":100}}
,"C:\\Users\\zhari\\OneDrive\\Escritorio\\TechMentor-MD25\\tech-mentor\\src\\common\\guards\\roles.guard.ts": {"lines":{"total":10,"covered":10,"skipped":0,"pct":100},"functions":{"total":2,"covered":2,"skipped":0,"pct":100},"statements":{"total":14,"covered":14,"skipped":0,"pct":100},"branches":{"total":12,"covered":11,"skipped":0,"pct":91.66}}
,"C:\\Users\\zhari\\OneDrive\\Escritorio\\TechMentor-MD25\\tech-mentor\\src\\dto\\create-mentorship.dto.ts": {"lines":{"total":8,"covered":8,"skipped":0,"pct":100},"functions":{"total":0,"covered":0,"skipped":0,"pct":100},"statements":{"total":8,"covered":8,"skipped":0,"pct":100},"branches":{"total":0,"covered":0,"skipped":0,"pct":100}}
,"C:\\Users\\zhari\\OneDrive\\Escritorio\\TechMentor-MD25\\tech-mentor\\src\\dto\\create-reservation.dto.ts": {"lines":{"total":6,"covered":6,"skipped":0,"pct":100},"functions":{"total":0,"covered":0,"skipped":0,"pct":100},"statements":{"total":6,"covered":6,"skipped":0,"pct":100},"branches":{"total":0,"covered":0,"skipped":0,"pct":100}}
,"C:\\Users\\zhari\\OneDrive\\Escritorio\\TechMentor-MD25\\tech-mentor\\src\\dto\\create-user.dto.ts": {"lines":{"total":8,"covered":8,"skipped":0,"pct":100},"functions":{"total":0,"covered":0,"skipped":0,"pct":100},"statements":{"total":8,"covered":8,"skipped":0,"pct":100},"branches":{"total":4,"covered":3,"skipped":0,"pct":75}}
,"C:\\Users\\zhari\\OneDrive\\Escritorio\\TechMentor-MD25\\tech-mentor\\src\\dto\\login-response.dto.ts": {"lines":{"total":3,"covered":0,"skipped":0,"pct":0},"functions":{"total":0,"covered":0,"skipped":0,"pct":100},"statements":{"total":3,"covered":0,"skipped":0,"pct":0},"branches":{"total":0,"covered":0,"skipped":0,"pct":100}}
,"C:\\Users\\zhari\\OneDrive\\Escritorio\\TechMentor-MD25\\tech-mentor\\src\\dto\\login.dto.ts": {"lines":{"total":5,"covered":0,"skipped":0,"pct":0},"functions":{"total":0,"covered":0,"skipped":0,"pct":100},"statements":{"total":5,"covered":0,"skipped":0,"pct":0},"branches":{"total":0,"covered":0,"skipped":0,"pct":100}}
,"C:\\Users\\zhari\\OneDrive\\Escritorio\\TechMentor-MD25\\tech-mentor\\src\\dto\\mentorship-response.dto.ts": {"lines":{"total":10,"covered":10,"skipped":0,"pct":100},"functions":{"total":0,"covered":0,"skipped":0,"pct":100},"statements":{"total":10,"covered":10,"skipped":0,"pct":100},"branches":{"total":0,"covered":0,"skipped":0,"pct":100}}
,"C:\\Users\\zhari\\OneDrive\\Escritorio\\TechMentor-MD25\\tech-mentor\\src\\dto\\register-response.dto.ts": {"lines":{"total":6,"covered":0,"skipped":0,"pct":0},"functions":{"total":0,"covered":0,"skipped":0,"pct":100},"statements":{"total":6,"covered":0,"skipped":0,"pct":0},"branches":{"total":0,"covered":0,"skipped":0,"pct":100}}
,"C:\\Users\\zhari\\OneDrive\\Escritorio\\TechMentor-MD25\\tech-mentor\\src\\dto\\reservation-response.dto.ts": {"lines":{"total":9,"covered":9,"skipped":0,"pct":100},"functions":{"total":0,"covered":0,"skipped":0,"pct":100},"statements":{"total":9,"covered":9,"skipped":0,"pct":100},"branches":{"total":0,"covered":0,"skipped":0,"pct":100}}
,"C:\\Users\\zhari\\OneDrive\\Escritorio\\TechMentor-MD25\\tech-mentor\\src\\dto\\update-reservation.dto.ts": {"lines":{"total":4,"covered":4,"skipped":0,"pct":100},"functions":{"total":0,"covered":0,"skipped":0,"pct":100},"statements":{"total":4,"covered":4,"skipped":0,"pct":100},"branches":{"total":0,"covered":0,"skipped":0,"pct":100}}
,"C:\\Users\\zhari\\OneDrive\\Escritorio\\TechMentor-MD25\\tech-mentor\\src\\dto\\update-user.dto.ts": {"lines":{"total":8,"covered":8,"skipped":0,"pct":100},"functions":{"total":0,"covered":0,"skipped":0,"pct":100},"statements":{"total":8,"covered":8,"skipped":0,"pct":100},"branches":{"total":4,"covered":3,"skipped":0,"pct":75}}
,"C:\\Users\\zhari\\OneDrive\\Escritorio\\TechMentor-MD25\\tech-mentor\\src\\dto\\user-response.dto.ts": {"lines":{"total":7,"covered":7,"skipped":0,"pct":100},"functions":{"total":0,"covered":0,"skipped":0,"pct":100},"statements":{"total":7,"covered":7,"skipped":0,"pct":100},"branches":{"total":4,"covered":3,"skipped":0,"pct":75}}
,"C:\\Users\\zhari\\OneDrive\\Escritorio\\TechMentor-MD25\\tech-mentor\\src\\entities\\mentorship.entity.ts": {"lines":{"total":10,"covered":10,"skipped":0,"pct":100},"functions":{"total":0,"covered":0,"skipped":0,"pct":100},"statements":{"total":12,"covered":12,"skipped":0,"pct":100},"branches":{"total":8,"covered":6,"skipped":0,"pct":75}}
,"C:\\Users\\zhari\\OneDrive\\Escritorio\\TechMentor-MD25\\tech-mentor\\src\\entities\\reservation.entity.ts": {"lines":{"total":11,"covered":10,"skipped":0,"pct":90.9},"functions":{"total":1,"covered":0,"skipped":0,"pct":0},"statements":{"total":13,"covered":12,"skipped":0,"pct":92.3},"branches":{"total":16,"covered":12,"skipped":0,"pct":75}}
,"C:\\Users\\zhari\\OneDrive\\Escritorio\\TechMentor-MD25\\tech-mentor\\src\\entities\\user.entity.ts": {"lines":{"total":11,"covered":11,"skipped":0,"pct":100},"functions":{"total":1,"covered":1,"skipped":0,"pct":100},"statements":{"total":13,"covered":13,"skipped":0,"pct":100},"branches":{"total":2,"covered":2,"skipped":0,"pct":100}}
,"C:\\Users\\zhari\\OneDrive\\Escritorio\\TechMentor-MD25\\tech-mentor\\src\\migrations\\1763510013999-InitMigration.ts": {"lines":{"total":11,"covered":0,"skipped":0,"pct":0},"functions":{"total":2,"covered":0,"skipped":0,"pct":0},"statements":{"total":11,"covered":0,"skipped":0,"pct":0},"branches":{"total":0,"covered":0,"skipped":0,"pct":100}}
,"C:\\Users\\zhari\\OneDrive\\Escritorio\\TechMentor-MD25\\tech-mentor\\src\\modules\\auth\\auth.controller.ts": {"lines":{"total":17,"covered":0,"skipped":0,"pct":0},"functions":{"total":4,"covered":0,"skipped":0,"pct":0},"statements":{"total":19,"covered":0,"skipped":0,"pct":0},"branches":{"total":12,"covered":0,"skipped":0,"pct":0}}
,"C:\\Users\\zhari\\OneDrive\\Escritorio\\TechMentor-MD25\\tech-mentor\\src\\modules\\auth\\auth.module.ts": {"lines":{"total":10,"covered":0,"skipped":0,"pct":0},"functions":{"total":1,"covered":0,"skipped":0,"pct":0},"statements":{"total":12,"covered":0,"skipped":0,"pct":0},"branches":{"total":2,"covered":0,"skipped":0,"pct":0}}
,"C:\\Users\\zhari\\OneDrive\\Escritorio\\TechMentor-MD25\\tech-mentor\\src\\modules\\auth\\auth.service.ts": {"lines":{"total":22,"covered":22,"skipped":0,"pct":100},"functions":{"total":3,"covered":3,"skipped":0,"pct":100},"statements":{"total":24,"covered":24,"skipped":0,"pct":100},"branches":{"total":12,"covered":10,"skipped":0,"pct":83.33}}
,"C:\\Users\\zhari\\OneDrive\\Escritorio\\TechMentor-MD25\\tech-mentor\\src\\modules\\auth\\jwt.guard.ts": {"lines":{"total":3,"covered":3,"skipped":0,"pct":100},"functions":{"total":0,"covered":0,"skipped":0,"pct":100},"statements":{"total":5,"covered":5,"skipped":0,"pct":100},"branches":{"total":0,"covered":0,"skipped":0,"pct":100}}
,"C:\\Users\\zhari\\OneDrive\\Escritorio\\TechMentor-MD25\\tech-mentor\\src\\modules\\auth\\jwt.strategy.ts": {"lines":{"total":6,"covered":0,"skipped":0,"pct":0},"functions":{"total":2,"covered":0,"skipped":0,"pct":0},"statements":{"total":8,"covered":0,"skipped":0,"pct":0},"branches":{"total":2,"covered":0,"skipped":0,"pct":0}}
,"C:\\Users\\zhari\\OneDrive\\Escritorio\\TechMentor-MD25\\tech-mentor\\src\\modules\\mentorships\\mentorships.controller.ts": {"lines":{"total":41,"covered":24,"skipped":0,"pct":58.53},"functions":{"total":6,"covered":4,"skipped":0,"pct":66.66},"statements":{"total":46,"covered":26,"skipped":0,"pct":56.52},"branches":{"total":40,"covered":14,"skipped":0,"pct":35}}
,"C:\\Users\\zhari\\OneDrive\\Escritorio\\TechMentor-MD25\\tech-mentor\\src\\modules\\mentorships\\mentorships.module.ts": {"lines":{"total":6,"covered":0,"skipped":0,"pct":0},"functions":{"total":0,"covered":0,"skipped":0,"pct":100},"statements":{"total":8,"covered":0,"skipped":0,"pct":0},"branches":{"total":0,"covered":0,"skipped":0,"pct":100}}
,"C:\\Users\\zhari\\OneDrive\\Escritorio\\TechMentor-MD25\\tech-mentor\\src\\modules\\mentorships\\mentorships.service.ts": {"lines":{"total":18,"covered":11,"skipped":0,"pct":61.11},"functions":{"total":6,"covered":4,"skipped":0,"pct":66.66},"statements":{"total":21,"covered":14,"skipped":0,"pct":66.66},"branches":{"total":12,"covered":10,"skipped":0,"pct":83.33}}
,"C:\\Users\\zhari\\OneDrive\\Escritorio\\TechMentor-MD25\\tech-mentor\\src\\modules\\reservations\\reservations.controller.ts": {"lines":{"total":57,"covered":32,"skipped":0,"pct":56.14},"functions":{"total":10,"covered":6,"skipped":0,"pct":60},"statements":{"total":63,"covered":35,"skipped":0,"pct":55.55},"branches":{"total":48,"covered":20,"skipped":0,"pct":41.66}}
,"C:\\Users\\zhari\\OneDrive\\Escritorio\\TechMentor-MD25\\tech-mentor\\src\\modules\\reservations\\reservations.module.ts": {"lines":{"total":8,"covered":0,"skipped":0,"pct":0},"functions":{"total":0,"covered":0,"skipped":0,"pct":100},"statements":{"total":10,"covered":0,"skipped":0,"pct":0},"branches":{"total":0,"covered":0,"skipped":0,"pct":100}}
,"C:\\Users\\zhari\\OneDrive\\Escritorio\\TechMentor-MD25\\tech-mentor\\src\\modules\\reservations\\reservations.service.ts": {"lines":{"total":22,"covered":14,"skipped":0,"pct":63.63},"functions":{"total":6,"covered":3,"skipped":0,"pct":50},"statements":{"total":26,"covered":18,"skipped":0,"pct":69.23},"branches":{"total":12,"covered":9,"skipped":0,"pct":75}}
,"C:\\Users\\zhari\\OneDrive\\Escritorio\\TechMentor-MD25\\tech-mentor\\src\\modules\\users\\users.controller.ts": {"lines":{"total":24,"covered":24,"skipped":0,"pct":100},"functions":{"total":6,"covered":6,"skipped":0,"pct":100},"statements":{"total":26,"covered":26,"skipped":0,"pct":100},"branches":{"total":16,"covered":13,"skipped":0,"pct":81.25}}
,"C:\\Users\\zhari\\OneDrive\\Escritorio\\TechMentor-MD25\\tech-mentor\\src\\modules\\users\\users.module.ts": {"lines":{"total":6,"covered":0,"skipped":0,"pct":0},"functions":{"total":0,"covered":0,"skipped":0,"pct":100},"statements":{"total":8,"covered":0,"skipped":0,"pct":0},"branches":{"total":0,"covered":0,"skipped":0,"pct":100}}
,"C:\\Users\\zhari\\OneDrive\\Escritorio\\TechMentor-MD25\\tech-mentor\\src\\modules\\users\\users.service.ts": {"lines":{"total":20,"covered":6,"skipped":0,"pct":30},"functions":{"total":7,"covered":0,"skipped":0,"pct":0},"statements":{"total":22,"covered":8,"skipped":0,"pct":36.36},"branches":{"total":6,"covered":3,"skipped":0,"pct":50}}
}
