{"C:\\Users\\zhari\\OneDrive\\Escritorio\\TechMentor-MD25\\tech-mentor\\src\\app.controller.ts": {"path":"C:\\Users\\zhari\\OneDrive\\Escritorio\\TechMentor-MD25\\tech-mentor\\src\\app.controller.ts","statementMap":{"0":{"start":{"line":1,"column":0},"end":{"line":1,"column":49}},"1":{"start":{"line":2,"column":0},"end":{"line":2,"column":43}},"2":{"start":{"line":5,"column":7},"end":{"line":12,"column":null}},"3":{"start":{"line":6,"column":31},"end":{"line":6,"column":43}},"4":{"start":{"line":10,"column":4},"end":{"line":10,"column":38}},"5":{"start":{"line":5,"column":13},"end":{"line":5,"column":26}},"6":{"start":{"line":9,"column":2},"end":{"line":11,"column":null}},"7":{"start":{"line":5,"column":13},"end":{"line":12,"column":null}}},"fnMap":{"0":{"name":"(anonymous_2)","decl":{"start":{"line":6,"column":2},"end":{"line":6,"column":31}},"loc":{"start":{"line":6,"column":53},"end":{"line":6,"column":57}}},"1":{"name":"(anonymous_3)","decl":{"start":{"line":9,"column":2},"end":{"line":9,"column":10}},"loc":{"start":{"line":9,"column":10},"end":{"line":11,"column":3}}}},"branchMap":{"0":{"loc":{"start":{"line":6,"column":43},"end":{"line":6,"column":56}},"type":"cond-expr","locations":[{"start":{"line":6,"column":53},"end":{"line":6,"column":56}},{"start":{"line":6,"column":53},"end":{"line":6,"column":56}}]},"1":{"loc":{"start":{"line":6,"column":43},"end":{"line":6,"column":53}},"type":"binary-expr","locations":[{"start":{"line":6,"column":43},"end":{"line":6,"column":56}},{"start":{"line":6,"column":43},"end":{"line":6,"column":53}}]}},"s":{"0":2,"1":2,"2":2,"3":1,"4":1,"5":2,"6":2,"7":2},"f":{"0":1,"1":1},"b":{"0":[2,0],"1":[2,2]}}
,"C:\\Users\\zhari\\OneDrive\\Escritorio\\TechMentor-MD25\\tech-mentor\\src\\app.module.ts": {"path":"C:\\Users\\zhari\\OneDrive\\Escritorio\\TechMentor-MD25\\tech-mentor\\src\\app.module.ts","statementMap":{"0":{"start":{"line":1,"column":0},"end":{"line":1,"column":40}},"1":{"start":{"line":2,"column":0},"end":{"line":2,"column":57}},"2":{"start":{"line":3,"column":0},"end":{"line":3,"column":46}},"3":{"start":{"line":4,"column":0},"end":{"line":4,"column":48}},"4":{"start":{"line":5,"column":0},"end":{"line":5,"column":49}},"5":{"start":{"line":6,"column":0},"end":{"line":6,"column":43}},"6":{"start":{"line":7,"column":0},"end":{"line":7,"column":59}},"7":{"start":{"line":8,"column":0},"end":{"line":8,"column":46}},"8":{"start":{"line":9,"column":0},"end":{"line":9,"column":60}},"9":{"start":{"line":10,"column":0},"end":{"line":10,"column":56}},"10":{"start":{"line":11,"column":0},"end":{"line":11,"column":77}},"11":{"start":{"line":12,"column":0},"end":{"line":12,"column":80}},"12":{"start":{"line":44,"column":7},"end":{"line":44,"column":null}},"13":{"start":{"line":44,"column":13},"end":{"line":44,"column":22}},"14":{"start":{"line":44,"column":13},"end":{"line":44,"column":null}}},"fnMap":{},"branchMap":{"0":{"loc":{"start":{"line":22,"column":14},"end":{"line":22,"column":41}},"type":"binary-expr","locations":[{"start":{"line":22,"column":14},"end":{"line":22,"column":33}},{"start":{"line":22,"column":37},"end":{"line":22,"column":41}}]}},"s":{"0":1,"1":1,"2":1,"3":1,"4":1,"5":1,"6":1,"7":1,"8":1,"9":1,"10":1,"11":1,"12":1,"13":1,"14":1},"f":{},"b":{"0":[1,0]}}
,"C:\\Users\\zhari\\OneDrive\\Escritorio\\TechMentor-MD25\\tech-mentor\\src\\app.service.ts": {"path":"C:\\Users\\zhari\\OneDrive\\Escritorio\\TechMentor-MD25\\tech-mentor\\src\\app.service.ts","statementMap":{"0":{"start":{"line":1,"column":0},"end":{"line":1,"column":44}},"1":{"start":{"line":4,"column":7},"end":{"line":8,"column":null}},"2":{"start":{"line":6,"column":4},"end":{"line":6,"column":26}},"3":{"start":{"line":4,"column":13},"end":{"line":4,"column":23}},"4":{"start":{"line":4,"column":13},"end":{"line":8,"column":null}}},"fnMap":{"0":{"name":"(anonymous_1)","decl":{"start":{"line":5,"column":2},"end":{"line":5,"column":10}},"loc":{"start":{"line":5,"column":10},"end":{"line":7,"column":3}}}},"branchMap":{},"s":{"0":2,"1":2,"2":1,"3":2,"4":2},"f":{"0":1},"b":{}}
,"C:\\Users\\zhari\\OneDrive\\Escritorio\\TechMentor-MD25\\tech-mentor\\src\\data-source.ts": {"path":"C:\\Users\\zhari\\OneDrive\\Escritorio\\TechMentor-MD25\\tech-mentor\\src\\data-source.ts","statementMap":{"0":{"start":{"line":1,"column":0},"end":{"line":1,"column":26}},"1":{"start":{"line":2,"column":0},"end":{"line":2,"column":37}},"2":{"start":{"line":3,"column":0},"end":{"line":3,"column":33}},"3":{"start":{"line":4,"column":0},"end":{"line":4,"column":25}},"4":{"start":{"line":6,"column":0},"end":{"line":6,"column":16}},"5":{"start":{"line":9,"column":0},"end":{"line":9,"column":46}},"6":{"start":{"line":10,"column":0},"end":{"line":10,"column":58}},"7":{"start":{"line":11,"column":0},"end":{"line":11,"column":60}},"8":{"start":{"line":13,"column":15},"end":{"line":13,"column":52}},"9":{"start":{"line":20,"column":21},"end":{"line":20,"column":30}},"10":{"start":{"line":21,"column":0},"end":{"line":38,"column":1}},"11":{"start":{"line":22,"column":2},"end":{"line":37,"column":3}},"12":{"start":{"line":23,"column":4},"end":{"line":32,"column":5}},"13":{"start":{"line":24,"column":17},"end":{"line":24,"column":71}},"14":{"start":{"line":25,"column":6},"end":{"line":25,"column":25}},"15":{"start":{"line":26,"column":11},"end":{"line":32,"column":5}},"16":{"start":{"line":27,"column":17},"end":{"line":27,"column":79}},"17":{"start":{"line":28,"column":6},"end":{"line":28,"column":25}},"18":{"start":{"line":31,"column":6},"end":{"line":31,"column":47}},"19":{"start":{"line":36,"column":4},"end":{"line":36,"column":67}},"20":{"start":{"line":40,"column":22},"end":{"line":54,"column":2}},"21":{"start":{"line":56,"column":0},"end":{"line":56,"column":29}}},"fnMap":{},"branchMap":{"0":{"loc":{"start":{"line":21,"column":0},"end":{"line":38,"column":1}},"type":"if","locations":[{"start":{"line":21,"column":0},"end":{"line":38,"column":1}},{"start":{},"end":{}}]},"1":{"loc":{"start":{"line":23,"column":4},"end":{"line":32,"column":5}},"type":"if","locations":[{"start":{"line":23,"column":4},"end":{"line":32,"column":5}},{"start":{"line":26,"column":11},"end":{"line":32,"column":5}}]},"2":{"loc":{"start":{"line":26,"column":11},"end":{"line":32,"column":5}},"type":"if","locations":[{"start":{"line":26,"column":11},"end":{"line":32,"column":5}},{"start":{"line":29,"column":11},"end":{"line":32,"column":5}}]},"3":{"loc":{"start":{"line":36,"column":47},"end":{"line":36,"column":65}},"type":"binary-expr","locations":[{"start":{"line":36,"column":47},"end":{"line":36,"column":58}},{"start":{"line":36,"column":62},"end":{"line":36,"column":65}}]},"4":{"loc":{"start":{"line":42,"column":8},"end":{"line":42,"column":42}},"type":"binary-expr","locations":[{"start":{"line":42,"column":8},"end":{"line":42,"column":27}},{"start":{"line":42,"column":31},"end":{"line":42,"column":42}}]},"5":{"loc":{"start":{"line":43,"column":15},"end":{"line":43,"column":42}},"type":"binary-expr","locations":[{"start":{"line":43,"column":15},"end":{"line":43,"column":34}},{"start":{"line":43,"column":38},"end":{"line":43,"column":42}}]},"6":{"loc":{"start":{"line":44,"column":12},"end":{"line":44,"column":45}},"type":"binary-expr","locations":[{"start":{"line":44,"column":12},"end":{"line":44,"column":35}},{"start":{"line":44,"column":39},"end":{"line":44,"column":45}}]},"7":{"loc":{"start":{"line":45,"column":12},"end":{"line":45,"column":45}},"type":"binary-expr","locations":[{"start":{"line":45,"column":12},"end":{"line":45,"column":35}},{"start":{"line":45,"column":39},"end":{"line":45,"column":45}}]},"8":{"loc":{"start":{"line":46,"column":12},"end":{"line":46,"column":47}},"type":"binary-expr","locations":[{"start":{"line":46,"column":12},"end":{"line":46,"column":31}},{"start":{"line":46,"column":35},"end":{"line":46,"column":47}}]},"9":{"loc":{"start":{"line":50,"column":15},"end":{"line":50,"column":70}},"type":"cond-expr","locations":[{"start":{"line":50,"column":24},"end":{"line":50,"column":46}},{"start":{"line":50,"column":49},"end":{"line":50,"column":70}}]},"10":{"loc":{"start":{"line":53,"column":6},"end":{"line":53,"column":41}},"type":"cond-expr","locations":[{"start":{"line":53,"column":18},"end":{"line":53,"column":36}},{"start":{"line":53,"column":39},"end":{"line":53,"column":41}}]}},"s":{"0":1,"1":1,"2":1,"3":1,"4":1,"5":1,"6":1,"7":1,"8":1,"9":1,"10":1,"11":0,"12":0,"13":0,"14":0,"15":0,"16":0,"17":0,"18":0,"19":0,"20":1,"21":1},"f":{},"b":{"0":[0,1],"1":[0,0],"2":[0,0],"3":[0,0],"4":[1,0],"5":[1,0],"6":[1,0],"7":[1,0],"8":[1,0],"9":[0,1],"10":[0,1]}}
,"C:\\Users\\zhari\\OneDrive\\Escritorio\\TechMentor-MD25\\tech-mentor\\src\\common\\decorators\\roles.decorator.ts": {"path":"C:\\Users\\zhari\\OneDrive\\Escritorio\\TechMentor-MD25\\tech-mentor\\src\\common\\decorators\\roles.decorator.ts","statementMap":{"0":{"start":{"line":1,"column":0},"end":{"line":1,"column":45}},"1":{"start":{"line":3,"column":13},"end":{"line":3,"column":33}},"2":{"start":{"line":4,"column":21},"end":{"line":4,"column":74}},"3":{"start":{"line":4,"column":45},"end":{"line":4,"column":74}},"4":{"start":{"line":4,"column":13},"end":{"line":4,"column":21}}},"fnMap":{"0":{"name":"(anonymous_0)","decl":{"start":{"line":4,"column":21},"end":{"line":4,"column":22}},"loc":{"start":{"line":4,"column":45},"end":{"line":4,"column":74}}}},"branchMap":{},"s":{"0":7,"1":7,"2":7,"3":26,"4":7},"f":{"0":26},"b":{}}
,"C:\\Users\\zhari\\OneDrive\\Escritorio\\TechMentor-MD25\\tech-mentor\\src\\common\\guards\\roles.guard.ts": {"path":"C:\\Users\\zhari\\OneDrive\\Escritorio\\TechMentor-MD25\\tech-mentor\\src\\common\\guards\\roles.guard.ts","statementMap":{"0":{"start":{"line":1,"column":0},"end":{"line":1,"column":75}},"1":{"start":{"line":2,"column":0},"end":{"line":2,"column":41}},"2":{"start":{"line":3,"column":0},"end":{"line":3,"column":58}},"3":{"start":{"line":6,"column":7},"end":{"line":20,"column":null}},"4":{"start":{"line":7,"column":22},"end":{"line":7,"column":33}},"5":{"start":{"line":10,"column":26},"end":{"line":12,"column":null}},"6":{"start":{"line":14,"column":4},"end":{"line":14,"column":66}},"7":{"start":{"line":14,"column":54},"end":{"line":14,"column":66}},"8":{"start":{"line":16,"column":21},"end":{"line":16,"column":56}},"9":{"start":{"line":17,"column":4},"end":{"line":17,"column":42}},"10":{"start":{"line":17,"column":29},"end":{"line":17,"column":42}},"11":{"start":{"line":18,"column":4},"end":{"line":18,"column":45}},"12":{"start":{"line":6,"column":13},"end":{"line":6,"column":23}},"13":{"start":{"line":6,"column":13},"end":{"line":20,"column":null}}},"fnMap":{"0":{"name":"(anonymous_2)","decl":{"start":{"line":7,"column":2},"end":{"line":7,"column":22}},"loc":{"start":{"line":7,"column":42},"end":{"line":7,"column":46}}},"1":{"name":"(anonymous_3)","decl":{"start":{"line":9,"column":2},"end":{"line":9,"column":13}},"loc":{"start":{"line":9,"column":39},"end":{"line":19,"column":3}}}},"branchMap":{"0":{"loc":{"start":{"line":14,"column":4},"end":{"line":14,"column":66}},"type":"if","locations":[{"start":{"line":14,"column":4},"end":{"line":14,"column":66}},{"start":{},"end":{}}]},"1":{"loc":{"start":{"line":14,"column":8},"end":{"line":14,"column":52}},"type":"binary-expr","locations":[{"start":{"line":14,"column":8},"end":{"line":14,"column":22}},{"start":{"line":14,"column":26},"end":{"line":14,"column":52}}]},"2":{"loc":{"start":{"line":17,"column":4},"end":{"line":17,"column":42}},"type":"if","locations":[{"start":{"line":17,"column":4},"end":{"line":17,"column":42}},{"start":{},"end":{}}]},"3":{"loc":{"start":{"line":17,"column":8},"end":{"line":17,"column":27}},"type":"binary-expr","locations":[{"start":{"line":17,"column":8},"end":{"line":17,"column":13}},{"start":{"line":17,"column":17},"end":{"line":17,"column":27}}]},"4":{"loc":{"start":{"line":7,"column":33},"end":{"line":7,"column":45}},"type":"cond-expr","locations":[{"start":{"line":7,"column":42},"end":{"line":7,"column":45}},{"start":{"line":7,"column":42},"end":{"line":7,"column":45}}]},"5":{"loc":{"start":{"line":7,"column":33},"end":{"line":7,"column":42}},"type":"binary-expr","locations":[{"start":{"line":7,"column":33},"end":{"line":7,"column":45}},{"start":{"line":7,"column":33},"end":{"line":7,"column":42}}]}},"s":{"0":7,"1":7,"2":7,"3":7,"4":4,"5":4,"6":4,"7":1,"8":3,"9":3,"10":1,"11":2,"12":7,"13":7},"f":{"0":4,"1":4},"b":{"0":[1,3],"1":[4,3],"2":[1,2],"3":[3,2],"4":[7,0],"5":[7,7]}}
,"C:\\Users\\zhari\\OneDrive\\Escritorio\\TechMentor-MD25\\tech-mentor\\src\\modules\\auth\\auth.controller.ts": {"path":"C:\\Users\\zhari\\OneDrive\\Escritorio\\TechMentor-MD25\\tech-mentor\\src\\modules\\auth\\auth.controller.ts","statementMap":{"0":{"start":{"line":1,"column":0},"end":{"line":1,"column":null}},"1":{"start":{"line":9,"column":0},"end":{"line":9,"column":45}},"2":{"start":{"line":10,"column":0},"end":{"line":10,"column":45}},"3":{"start":{"line":11,"column":0},"end":{"line":11,"column":56}},"4":{"start":{"line":12,"column":0},"end":{"line":12,"column":43}},"5":{"start":{"line":13,"column":0},"end":{"line":13,"column":null}},"6":{"start":{"line":19,"column":0},"end":{"line":19,"column":62}},"7":{"start":{"line":20,"column":0},"end":{"line":20,"column":68}},"8":{"start":{"line":21,"column":0},"end":{"line":21,"column":60}},"9":{"start":{"line":25,"column":7},"end":{"line":70,"column":null}},"10":{"start":{"line":26,"column":31},"end":{"line":26,"column":44}},"11":{"start":{"line":36,"column":4},"end":{"line":36,"column":43}},"12":{"start":{"line":48,"column":4},"end":{"line":48,"column":40}},"13":{"start":{"line":68,"column":4},"end":{"line":68,"column":20}},"14":{"start":{"line":25,"column":13},"end":{"line":25,"column":27}},"15":{"start":{"line":35,"column":2},"end":{"line":37,"column":null}},"16":{"start":{"line":47,"column":2},"end":{"line":49,"column":null}},"17":{"start":{"line":67,"column":2},"end":{"line":69,"column":null}},"18":{"start":{"line":25,"column":13},"end":{"line":70,"column":null}}},"fnMap":{"0":{"name":"(anonymous_4)","decl":{"start":{"line":26,"column":2},"end":{"line":26,"column":31}},"loc":{"start":{"line":26,"column":55},"end":{"line":26,"column":59}}},"1":{"name":"(anonymous_5)","decl":{"start":{"line":35,"column":2},"end":{"line":35,"column":10}},"loc":{"start":{"line":35,"column":38},"end":{"line":37,"column":3}}},"2":{"name":"(anonymous_6)","decl":{"start":{"line":47,"column":2},"end":{"line":47,"column":7}},"loc":{"start":{"line":47,"column":30},"end":{"line":49,"column":3}}},"3":{"name":"(anonymous_7)","decl":{"start":{"line":67,"column":2},"end":{"line":67,"column":12}},"loc":{"start":{"line":67,"column":27},"end":{"line":69,"column":3}}}},"branchMap":{"0":{"loc":{"start":{"line":35,"column":25},"end":{"line":35,"column":null}},"type":"cond-expr","locations":[{"start":{"line":35,"column":38},"end":{"line":35,"column":null}},{"start":{"line":35,"column":38},"end":{"line":35,"column":null}}]},"1":{"loc":{"start":{"line":35,"column":25},"end":{"line":35,"column":38}},"type":"binary-expr","locations":[{"start":{"line":35,"column":25},"end":{"line":35,"column":null}},{"start":{"line":35,"column":25},"end":{"line":35,"column":38}}]},"2":{"loc":{"start":{"line":47,"column":22},"end":{"line":47,"column":null}},"type":"cond-expr","locations":[{"start":{"line":47,"column":30},"end":{"line":47,"column":null}},{"start":{"line":47,"column":30},"end":{"line":47,"column":null}}]},"3":{"loc":{"start":{"line":47,"column":22},"end":{"line":47,"column":30}},"type":"binary-expr","locations":[{"start":{"line":47,"column":22},"end":{"line":47,"column":null}},{"start":{"line":47,"column":22},"end":{"line":47,"column":30}}]},"4":{"loc":{"start":{"line":26,"column":44},"end":{"line":26,"column":58}},"type":"cond-expr","locations":[{"start":{"line":26,"column":55},"end":{"line":26,"column":58}},{"start":{"line":26,"column":55},"end":{"line":26,"column":58}}]},"5":{"loc":{"start":{"line":26,"column":44},"end":{"line":26,"column":55}},"type":"binary-expr","locations":[{"start":{"line":26,"column":44},"end":{"line":26,"column":58}},{"start":{"line":26,"column":44},"end":{"line":26,"column":55}}]}},"s":{"0":2,"1":2,"2":2,"3":2,"4":2,"5":2,"6":2,"7":2,"8":2,"9":2,"10":3,"11":1,"12":1,"13":1,"14":2,"15":2,"16":2,"17":2,"18":2},"f":{"0":3,"1":1,"2":1,"3":1},"b":{"0":[2,0],"1":[2,2],"2":[2,0],"3":[2,2],"4":[2,0],"5":[2,2]}}
,"C:\\Users\\zhari\\OneDrive\\Escritorio\\TechMentor-MD25\\tech-mentor\\src\\modules\\auth\\auth.module.ts": {"path":"C:\\Users\\zhari\\OneDrive\\Escritorio\\TechMentor-MD25\\tech-mentor\\src\\modules\\auth\\auth.module.ts","statementMap":{"0":{"start":{"line":1,"column":0},"end":{"line":1,"column":48}},"1":{"start":{"line":2,"column":0},"end":{"line":2,"column":50}},"2":{"start":{"line":3,"column":0},"end":{"line":3,"column":58}},"3":{"start":{"line":4,"column":0},"end":{"line":4,"column":61}},"4":{"start":{"line":5,"column":0},"end":{"line":5,"column":52}},"5":{"start":{"line":6,"column":0},"end":{"line":6,"column":45}},"6":{"start":{"line":7,"column":0},"end":{"line":7,"column":51}},"7":{"start":{"line":8,"column":0},"end":{"line":8,"column":45}},"8":{"start":{"line":31,"column":7},"end":{"line":31,"column":null}},"9":{"start":{"line":31,"column":13},"end":{"line":31,"column":23}},"10":{"start":{"line":31,"column":13},"end":{"line":31,"column":null}},"11":{"start":{"line":19,"column":64},"end":{"line":24,"column":8}}},"fnMap":{"0":{"name":"(anonymous_1)","decl":{"start":{"line":19,"column":18},"end":{"line":19,"column":19}},"loc":{"start":{"line":19,"column":64},"end":{"line":24,"column":8}}}},"branchMap":{"0":{"loc":{"start":{"line":22,"column":21},"end":{"line":22,"column":74}},"type":"binary-expr","locations":[{"start":{"line":22,"column":21},"end":{"line":22,"column":66}},{"start":{"line":22,"column":70},"end":{"line":22,"column":74}}]}},"s":{"0":1,"1":1,"2":1,"3":1,"4":1,"5":1,"6":1,"7":1,"8":1,"9":1,"10":1,"11":0},"f":{"0":0},"b":{"0":[0,0]}}
,"C:\\Users\\zhari\\OneDrive\\Escritorio\\TechMentor-MD25\\tech-mentor\\src\\modules\\auth\\auth.service.ts": {"path":"C:\\Users\\zhari\\OneDrive\\Escritorio\\TechMentor-MD25\\tech-mentor\\src\\modules\\auth\\auth.service.ts","statementMap":{"0":{"start":{"line":1,"column":0},"end":{"line":1,"column":67}},"1":{"start":{"line":2,"column":0},"end":{"line":2,"column":51}},"2":{"start":{"line":3,"column":0},"end":{"line":3,"column":41}},"3":{"start":{"line":4,"column":0},"end":{"line":4,"column":37}},"4":{"start":{"line":5,"column":0},"end":{"line":5,"column":33}},"5":{"start":{"line":7,"column":0},"end":{"line":7,"column":48}},"6":{"start":{"line":11,"column":7},"end":{"line":54,"column":null}},"7":{"start":{"line":14,"column":16},"end":{"line":14,"column":26}},"8":{"start":{"line":15,"column":16},"end":{"line":15,"column":28}},"9":{"start":{"line":21,"column":31},"end":{"line":21,"column":67}},"10":{"start":{"line":22,"column":28},"end":{"line":22,"column":87}},"11":{"start":{"line":23,"column":8},"end":{"line":23,"column":46}},"12":{"start":{"line":24,"column":8},"end":{"line":24,"column":null}},"13":{"start":{"line":28,"column":21},"end":{"line":28,"column":82}},"14":{"start":{"line":30,"column":8},"end":{"line":32,"column":9}},"15":{"start":{"line":31,"column":12},"end":{"line":31,"column":78}},"16":{"start":{"line":34,"column":32},"end":{"line":34,"column":82}},"17":{"start":{"line":36,"column":8},"end":{"line":38,"column":9}},"18":{"start":{"line":37,"column":12},"end":{"line":37,"column":81}},"19":{"start":{"line":40,"column":29},"end":{"line":40,"column":98}},"20":{"start":{"line":41,"column":22},"end":{"line":41,"column":67}},"21":{"start":{"line":43,"column":8},"end":{"line":43,"column":null}},"22":{"start":{"line":11,"column":13},"end":{"line":11,"column":24}},"23":{"start":{"line":11,"column":13},"end":{"line":54,"column":null}}},"fnMap":{"0":{"name":"(anonymous_13)","decl":{"start":{"line":12,"column":4},"end":{"line":12,"column":null}},"loc":{"start":{"line":15,"column":38},"end":{"line":16,"column":9}}},"1":{"name":"(anonymous_14)","decl":{"start":{"line":20,"column":4},"end":{"line":20,"column":9}},"loc":{"start":{"line":20,"column":38},"end":{"line":25,"column":5}}},"2":{"name":"(anonymous_15)","decl":{"start":{"line":27,"column":4},"end":{"line":27,"column":9}},"loc":{"start":{"line":27,"column":30},"end":{"line":44,"column":5}}}},"branchMap":{"0":{"loc":{"start":{"line":30,"column":8},"end":{"line":32,"column":9}},"type":"if","locations":[{"start":{"line":30,"column":8},"end":{"line":32,"column":9}},{"start":{},"end":{}}]},"1":{"loc":{"start":{"line":36,"column":8},"end":{"line":38,"column":9}},"type":"if","locations":[{"start":{"line":36,"column":8},"end":{"line":38,"column":9}},{"start":{},"end":{}}]},"2":{"loc":{"start":{"line":14,"column":26},"end":{"line":14,"column":42}},"type":"cond-expr","locations":[{"start":{"line":14,"column":36},"end":{"line":14,"column":42}},{"start":{"line":14,"column":36},"end":{"line":14,"column":42}}]},"3":{"loc":{"start":{"line":14,"column":26},"end":{"line":14,"column":36}},"type":"binary-expr","locations":[{"start":{"line":14,"column":26},"end":{"line":14,"column":42}},{"start":{"line":14,"column":26},"end":{"line":14,"column":36}}]},"4":{"loc":{"start":{"line":14,"column":36},"end":{"line":15,"column":null}},"type":"cond-expr","locations":[{"start":{"line":15,"column":38},"end":{"line":15,"column":null}},{"start":{"line":15,"column":38},"end":{"line":15,"column":null}}]},"5":{"loc":{"start":{"line":14,"column":36},"end":{"line":15,"column":38}},"type":"binary-expr","locations":[{"start":{"line":14,"column":36},"end":{"line":15,"column":null}},{"start":{"line":15,"column":28},"end":{"line":15,"column":38}}]}},"s":{"0":3,"1":3,"2":3,"3":3,"4":3,"5":3,"6":3,"7":4,"8":4,"9":1,"10":1,"11":1,"12":1,"13":3,"14":3,"15":1,"16":2,"17":2,"18":1,"19":1,"20":1,"21":1,"22":3,"23":3},"f":{"0":4,"1":1,"2":3},"b":{"0":[1,2],"1":[1,1],"2":[3,0],"3":[3,3],"4":[3,0],"5":[3,3]}}
,"C:\\Users\\zhari\\OneDrive\\Escritorio\\TechMentor-MD25\\tech-mentor\\src\\modules\\auth\\jwt.guard.ts": {"path":"C:\\Users\\zhari\\OneDrive\\Escritorio\\TechMentor-MD25\\tech-mentor\\src\\modules\\auth\\jwt.guard.ts","statementMap":{"0":{"start":{"line":1,"column":0},"end":{"line":1,"column":44}},"1":{"start":{"line":2,"column":0},"end":{"line":2,"column":45}},"2":{"start":{"line":5,"column":7},"end":{"line":5,"column":null}},"3":{"start":{"line":5,"column":13},"end":{"line":5,"column":25}},"4":{"start":{"line":5,"column":13},"end":{"line":5,"column":null}}},"fnMap":{},"branchMap":{},"s":{"0":7,"1":7,"2":7,"3":7,"4":7},"f":{},"b":{}}
,"C:\\Users\\zhari\\OneDrive\\Escritorio\\TechMentor-MD25\\tech-mentor\\src\\modules\\auth\\jwt.strategy.ts": {"path":"C:\\Users\\zhari\\OneDrive\\Escritorio\\TechMentor-MD25\\tech-mentor\\src\\modules\\auth\\jwt.strategy.ts","statementMap":{"0":{"start":{"line":1,"column":0},"end":{"line":1,"column":44}},"1":{"start":{"line":2,"column":0},"end":{"line":2,"column":52}},"2":{"start":{"line":3,"column":0},"end":{"line":3,"column":52}},"3":{"start":{"line":6,"column":7},"end":{"line":19,"column":null}},"4":{"start":{"line":8,"column":4},"end":{"line":12,"column":7}},"5":{"start":{"line":17,"column":4},"end":{"line":17,"column":73}},"6":{"start":{"line":6,"column":13},"end":{"line":6,"column":24}},"7":{"start":{"line":6,"column":13},"end":{"line":19,"column":null}}},"fnMap":{"0":{"name":"(anonymous_2)","decl":{"start":{"line":7,"column":2},"end":{"line":7,"column":null}},"loc":{"start":{"line":7,"column":2},"end":{"line":13,"column":3}}},"1":{"name":"(anonymous_3)","decl":{"start":{"line":15,"column":2},"end":{"line":15,"column":7}},"loc":{"start":{"line":15,"column":29},"end":{"line":18,"column":3}}}},"branchMap":{"0":{"loc":{"start":{"line":11,"column":19},"end":{"line":11,"column":69}},"type":"binary-expr","locations":[{"start":{"line":11,"column":19},"end":{"line":11,"column":45}},{"start":{"line":11,"column":49},"end":{"line":11,"column":69}}]}},"s":{"0":2,"1":2,"2":2,"3":2,"4":1,"5":1,"6":2,"7":2},"f":{"0":1,"1":1},"b":{"0":[1,1]}}
,"C:\\Users\\zhari\\OneDrive\\Escritorio\\TechMentor-MD25\\tech-mentor\\src\\modules\\mentorships\\mentorships.controller.ts": {"path":"C:\\Users\\zhari\\OneDrive\\Escritorio\\TechMentor-MD25\\tech-mentor\\src\\modules\\mentorships\\mentorships.controller.ts","statementMap":{"0":{"start":{"line":1,"column":0},"end":{"line":1,"column":null}},"1":{"start":{"line":14,"column":0},"end":{"line":14,"column":59}},"2":{"start":{"line":15,"column":0},"end":{"line":15,"column":70}},"3":{"start":{"line":16,"column":0},"end":{"line":16,"column":null}},"4":{"start":{"line":23,"column":0},"end":{"line":23,"column":74}},"5":{"start":{"line":24,"column":0},"end":{"line":24,"column":49}},"6":{"start":{"line":25,"column":0},"end":{"line":25,"column":61}},"7":{"start":{"line":26,"column":0},"end":{"line":26,"column":64}},"8":{"start":{"line":30,"column":7},"end":{"line":137,"column":null}},"9":{"start":{"line":31,"column":31},"end":{"line":31,"column":40}},"10":{"start":{"line":41,"column":4},"end":{"line":41,"column":34}},"11":{"start":{"line":52,"column":4},"end":{"line":52,"column":36}},"12":{"start":{"line":68,"column":17},"end":{"line":68,"column":25}},"13":{"start":{"line":69,"column":4},"end":{"line":69,"column":62}},"14":{"start":{"line":69,"column":15},"end":{"line":69,"column":62}},"15":{"start":{"line":70,"column":4},"end":{"line":72,"column":5}},"16":{"start":{"line":71,"column":6},"end":{"line":71,"column":77}},"17":{"start":{"line":74,"column":4},"end":{"line":76,"column":5}},"18":{"start":{"line":75,"column":6},"end":{"line":75,"column":30}},"19":{"start":{"line":79,"column":4},"end":{"line":79,"column":36}},"20":{"start":{"line":98,"column":17},"end":{"line":98,"column":25}},"21":{"start":{"line":99,"column":4},"end":{"line":99,"column":62}},"22":{"start":{"line":99,"column":15},"end":{"line":99,"column":62}},"23":{"start":{"line":100,"column":14},"end":{"line":100,"column":44}},"24":{"start":{"line":101,"column":4},"end":{"line":105,"column":5}},"25":{"start":{"line":102,"column":6},"end":{"line":104,"column":8}},"26":{"start":{"line":106,"column":4},"end":{"line":110,"column":5}},"27":{"start":{"line":107,"column":6},"end":{"line":109,"column":8}},"28":{"start":{"line":111,"column":4},"end":{"line":111,"column":40}},"29":{"start":{"line":122,"column":17},"end":{"line":122,"column":25}},"30":{"start":{"line":123,"column":4},"end":{"line":123,"column":62}},"31":{"start":{"line":123,"column":15},"end":{"line":123,"column":62}},"32":{"start":{"line":124,"column":14},"end":{"line":124,"column":38}},"33":{"start":{"line":125,"column":4},"end":{"line":127,"column":5}},"34":{"start":{"line":126,"column":6},"end":{"line":126,"column":80}},"35":{"start":{"line":129,"column":21},"end":{"line":129,"column":28}},"36":{"start":{"line":130,"column":4},"end":{"line":134,"column":5}},"37":{"start":{"line":131,"column":6},"end":{"line":133,"column":8}},"38":{"start":{"line":135,"column":4},"end":{"line":135,"column":35}},"39":{"start":{"line":30,"column":13},"end":{"line":30,"column":34}},"40":{"start":{"line":40,"column":2},"end":{"line":42,"column":null}},"41":{"start":{"line":51,"column":2},"end":{"line":53,"column":null}},"42":{"start":{"line":66,"column":2},"end":{"line":80,"column":null}},"43":{"start":{"line":93,"column":8},"end":{"line":112,"column":null}},"44":{"start":{"line":121,"column":8},"end":{"line":136,"column":null}},"45":{"start":{"line":30,"column":13},"end":{"line":137,"column":null}}},"fnMap":{"0":{"name":"(anonymous_4)","decl":{"start":{"line":31,"column":2},"end":{"line":31,"column":31}},"loc":{"start":{"line":31,"column":58},"end":{"line":31,"column":62}}},"1":{"name":"(anonymous_5)","decl":{"start":{"line":40,"column":2},"end":{"line":40,"column":9}},"loc":{"start":{"line":40,"column":9},"end":{"line":42,"column":3}}},"2":{"name":"(anonymous_6)","decl":{"start":{"line":51,"column":2},"end":{"line":51,"column":9}},"loc":{"start":{"line":51,"column":47},"end":{"line":53,"column":3}}},"3":{"name":"(anonymous_7)","decl":{"start":{"line":66,"column":2},"end":{"line":66,"column":8}},"loc":{"start":{"line":66,"column":57},"end":{"line":80,"column":3}}},"4":{"name":"(anonymous_8)","decl":{"start":{"line":93,"column":8},"end":{"line":93,"column":14}},"loc":{"start":{"line":96,"column":45},"end":{"line":112,"column":3}}},"5":{"name":"(anonymous_9)","decl":{"start":{"line":121,"column":8},"end":{"line":121,"column":14}},"loc":{"start":{"line":121,"column":68},"end":{"line":136,"column":3}}}},"branchMap":{"0":{"loc":{"start":{"line":69,"column":4},"end":{"line":69,"column":62}},"type":"if","locations":[{"start":{"line":69,"column":4},"end":{"line":69,"column":62}},{"start":{},"end":{}}]},"1":{"loc":{"start":{"line":70,"column":4},"end":{"line":72,"column":5}},"type":"if","locations":[{"start":{"line":70,"column":4},"end":{"line":72,"column":5}},{"start":{},"end":{}}]},"2":{"loc":{"start":{"line":70,"column":8},"end":{"line":70,"column":56}},"type":"binary-expr","locations":[{"start":{"line":70,"column":8},"end":{"line":70,"column":29}},{"start":{"line":70,"column":33},"end":{"line":70,"column":56}}]},"3":{"loc":{"start":{"line":74,"column":4},"end":{"line":76,"column":5}},"type":"if","locations":[{"start":{"line":74,"column":4},"end":{"line":76,"column":5}},{"start":{},"end":{}}]},"4":{"loc":{"start":{"line":99,"column":4},"end":{"line":99,"column":62}},"type":"if","locations":[{"start":{"line":99,"column":4},"end":{"line":99,"column":62}},{"start":{},"end":{}}]},"5":{"loc":{"start":{"line":101,"column":4},"end":{"line":105,"column":5}},"type":"if","locations":[{"start":{"line":101,"column":4},"end":{"line":105,"column":5}},{"start":{},"end":{}}]},"6":{"loc":{"start":{"line":101,"column":8},"end":{"line":101,"column":56}},"type":"binary-expr","locations":[{"start":{"line":101,"column":8},"end":{"line":101,"column":29}},{"start":{"line":101,"column":33},"end":{"line":101,"column":56}}]},"7":{"loc":{"start":{"line":106,"column":4},"end":{"line":110,"column":5}},"type":"if","locations":[{"start":{"line":106,"column":4},"end":{"line":110,"column":5}},{"start":{},"end":{}}]},"8":{"loc":{"start":{"line":106,"column":8},"end":{"line":106,"column":58}},"type":"binary-expr","locations":[{"start":{"line":106,"column":8},"end":{"line":106,"column":31}},{"start":{"line":106,"column":35},"end":{"line":106,"column":58}}]},"9":{"loc":{"start":{"line":123,"column":4},"end":{"line":123,"column":62}},"type":"if","locations":[{"start":{"line":123,"column":4},"end":{"line":123,"column":62}},{"start":{},"end":{}}]},"10":{"loc":{"start":{"line":125,"column":4},"end":{"line":127,"column":5}},"type":"if","locations":[{"start":{"line":125,"column":4},"end":{"line":127,"column":5}},{"start":{},"end":{}}]},"11":{"loc":{"start":{"line":125,"column":8},"end":{"line":125,"column":56}},"type":"binary-expr","locations":[{"start":{"line":125,"column":8},"end":{"line":125,"column":29}},{"start":{"line":125,"column":33},"end":{"line":125,"column":56}}]},"12":{"loc":{"start":{"line":130,"column":4},"end":{"line":134,"column":5}},"type":"if","locations":[{"start":{"line":130,"column":4},"end":{"line":134,"column":5}},{"start":{},"end":{}}]},"13":{"loc":{"start":{"line":130,"column":8},"end":{"line":130,"column":65}},"type":"binary-expr","locations":[{"start":{"line":130,"column":8},"end":{"line":130,"column":31}},{"start":{"line":130,"column":35},"end":{"line":130,"column":65}}]},"14":{"loc":{"start":{"line":66,"column":38},"end":{"line":66,"column":null}},"type":"cond-expr","locations":[{"start":{"line":66,"column":57},"end":{"line":66,"column":null}},{"start":{"line":66,"column":57},"end":{"line":66,"column":null}}]},"15":{"loc":{"start":{"line":66,"column":38},"end":{"line":66,"column":57}},"type":"binary-expr","locations":[{"start":{"line":66,"column":38},"end":{"line":66,"column":null}},{"start":{"line":66,"column":38},"end":{"line":66,"column":57}}]},"16":{"loc":{"start":{"line":96,"column":17},"end":{"line":96,"column":45}},"type":"cond-expr","locations":[{"start":{"line":96,"column":24},"end":{"line":96,"column":45}},{"start":{"line":96,"column":24},"end":{"line":96,"column":45}}]},"17":{"loc":{"start":{"line":96,"column":17},"end":{"line":96,"column":24}},"type":"binary-expr","locations":[{"start":{"line":96,"column":17},"end":{"line":96,"column":45}},{"start":{"line":96,"column":17},"end":{"line":96,"column":24}}]},"18":{"loc":{"start":{"line":31,"column":40},"end":{"line":31,"column":61}},"type":"cond-expr","locations":[{"start":{"line":31,"column":58},"end":{"line":31,"column":61}},{"start":{"line":31,"column":58},"end":{"line":31,"column":61}}]},"19":{"loc":{"start":{"line":31,"column":40},"end":{"line":31,"column":58}},"type":"binary-expr","locations":[{"start":{"line":31,"column":40},"end":{"line":31,"column":61}},{"start":{"line":31,"column":40},"end":{"line":31,"column":58}}]}},"s":{"0":3,"1":3,"2":3,"3":3,"4":3,"5":3,"6":3,"7":3,"8":3,"9":8,"10":2,"11":1,"12":3,"13":3,"14":0,"15":3,"16":1,"17":2,"18":2,"19":2,"20":1,"21":1,"22":0,"23":1,"24":1,"25":1,"26":0,"27":0,"28":0,"29":1,"30":1,"31":0,"32":1,"33":1,"34":1,"35":0,"36":0,"37":0,"38":0,"39":3,"40":3,"41":3,"42":3,"43":3,"44":3,"45":3},"f":{"0":8,"1":2,"2":1,"3":3,"4":1,"5":1},"b":{"0":[0,3],"1":[1,2],"2":[3,3],"3":[2,0],"4":[0,1],"5":[1,0],"6":[1,1],"7":[0,0],"8":[0,0],"9":[0,1],"10":[1,0],"11":[1,1],"12":[0,0],"13":[0,0],"14":[3,0],"15":[3,3],"16":[0,3],"17":[3,0],"18":[3,0],"19":[3,3]}}
,"C:\\Users\\zhari\\OneDrive\\Escritorio\\TechMentor-MD25\\tech-mentor\\src\\modules\\mentorships\\mentorships.module.ts": {"path":"C:\\Users\\zhari\\OneDrive\\Escritorio\\TechMentor-MD25\\tech-mentor\\src\\modules\\mentorships\\mentorships.module.ts","statementMap":{"0":{"start":{"line":1,"column":0},"end":{"line":1,"column":40}},"1":{"start":{"line":2,"column":0},"end":{"line":2,"column":48}},"2":{"start":{"line":3,"column":0},"end":{"line":3,"column":59}},"3":{"start":{"line":4,"column":0},"end":{"line":4,"column":65}},"4":{"start":{"line":5,"column":0},"end":{"line":5,"column":62}},"5":{"start":{"line":13,"column":7},"end":{"line":13,"column":null}},"6":{"start":{"line":13,"column":13},"end":{"line":13,"column":30}},"7":{"start":{"line":13,"column":13},"end":{"line":13,"column":null}}},"fnMap":{},"branchMap":{},"s":{"0":1,"1":1,"2":1,"3":1,"4":1,"5":1,"6":1,"7":1},"f":{},"b":{}}
,"C:\\Users\\zhari\\OneDrive\\Escritorio\\TechMentor-MD25\\tech-mentor\\src\\modules\\mentorships\\mentorships.service.ts": {"path":"C:\\Users\\zhari\\OneDrive\\Escritorio\\TechMentor-MD25\\tech-mentor\\src\\modules\\mentorships\\mentorships.service.ts","statementMap":{"0":{"start":{"line":1,"column":0},"end":{"line":1,"column":63}},"1":{"start":{"line":2,"column":0},"end":{"line":2,"column":51}},"2":{"start":{"line":3,"column":0},"end":{"line":3,"column":37}},"3":{"start":{"line":5,"column":0},"end":{"line":5,"column":62}},"4":{"start":{"line":8,"column":7},"end":{"line":49,"column":null}},"5":{"start":{"line":11,"column":21},"end":{"line":11,"column":27}},"6":{"start":{"line":15,"column":4},"end":{"line":15,"column":28}},"7":{"start":{"line":19,"column":14},"end":{"line":19,"column":56}},"8":{"start":{"line":20,"column":4},"end":{"line":20,"column":70}},"9":{"start":{"line":20,"column":12},"end":{"line":20,"column":70}},"10":{"start":{"line":21,"column":4},"end":{"line":21,"column":13}},"11":{"start":{"line":25,"column":19},"end":{"line":31,"column":6}},"12":{"start":{"line":32,"column":4},"end":{"line":32,"column":40}},"13":{"start":{"line":39,"column":14},"end":{"line":39,"column":36}},"14":{"start":{"line":40,"column":4},"end":{"line":40,"column":26}},"15":{"start":{"line":41,"column":4},"end":{"line":41,"column":29}},"16":{"start":{"line":45,"column":14},"end":{"line":45,"column":36}},"17":{"start":{"line":46,"column":4},"end":{"line":46,"column":30}},"18":{"start":{"line":47,"column":4},"end":{"line":47,"column":29}},"19":{"start":{"line":8,"column":13},"end":{"line":8,"column":31}},"20":{"start":{"line":8,"column":13},"end":{"line":49,"column":null}}},"fnMap":{"0":{"name":"(anonymous_4)","decl":{"start":{"line":9,"column":2},"end":{"line":9,"column":null}},"loc":{"start":{"line":11,"column":49},"end":{"line":12,"column":6}}},"1":{"name":"(anonymous_5)","decl":{"start":{"line":14,"column":2},"end":{"line":14,"column":7}},"loc":{"start":{"line":14,"column":15},"end":{"line":16,"column":3}}},"2":{"name":"(anonymous_6)","decl":{"start":{"line":18,"column":2},"end":{"line":18,"column":7}},"loc":{"start":{"line":18,"column":26},"end":{"line":22,"column":3}}},"3":{"name":"(anonymous_7)","decl":{"start":{"line":24,"column":2},"end":{"line":24,"column":7}},"loc":{"start":{"line":24,"column":39},"end":{"line":33,"column":3}}},"4":{"name":"(anonymous_8)","decl":{"start":{"line":35,"column":2},"end":{"line":35,"column":7}},"loc":{"start":{"line":37,"column":37},"end":{"line":42,"column":3}}},"5":{"name":"(anonymous_9)","decl":{"start":{"line":44,"column":2},"end":{"line":44,"column":7}},"loc":{"start":{"line":44,"column":25},"end":{"line":48,"column":3}}}},"branchMap":{"0":{"loc":{"start":{"line":20,"column":4},"end":{"line":20,"column":70}},"type":"if","locations":[{"start":{"line":20,"column":4},"end":{"line":20,"column":70}},{"start":{},"end":{}}]},"1":{"loc":{"start":{"line":27,"column":19},"end":{"line":27,"column":47}},"type":"binary-expr","locations":[{"start":{"line":27,"column":19},"end":{"line":27,"column":34}},{"start":{"line":27,"column":38},"end":{"line":27,"column":47}}]},"2":{"loc":{"start":{"line":29,"column":13},"end":{"line":29,"column":27}},"type":"binary-expr","locations":[{"start":{"line":29,"column":13},"end":{"line":29,"column":22}},{"start":{"line":29,"column":26},"end":{"line":29,"column":27}}]},"3":{"loc":{"start":{"line":30,"column":13},"end":{"line":30,"column":27}},"type":"binary-expr","locations":[{"start":{"line":30,"column":13},"end":{"line":30,"column":22}},{"start":{"line":30,"column":26},"end":{"line":30,"column":27}}]},"4":{"loc":{"start":{"line":11,"column":27},"end":{"line":11,"column":49}},"type":"cond-expr","locations":[{"start":{"line":11,"column":37},"end":{"line":11,"column":49}},{"start":{"line":11,"column":37},"end":{"line":11,"column":49}}]},"5":{"loc":{"start":{"line":11,"column":27},"end":{"line":11,"column":37}},"type":"binary-expr","locations":[{"start":{"line":11,"column":27},"end":{"line":11,"column":49}},{"start":{"line":11,"column":27},"end":{"line":11,"column":37}}]}},"s":{"0":7,"1":7,"2":7,"3":7,"4":7,"5":7,"6":1,"7":4,"8":4,"9":2,"10":2,"11":2,"12":2,"13":1,"14":1,"15":1,"16":1,"17":1,"18":1,"19":7,"20":7},"f":{"0":7,"1":1,"2":4,"3":2,"4":1,"5":1},"b":{"0":[2,2],"1":[2,2],"2":[2,2],"3":[2,2],"4":[7,0],"5":[7,7]}}
,"C:\\Users\\zhari\\OneDrive\\Escritorio\\TechMentor-MD25\\tech-mentor\\src\\modules\\reservations\\reservations.controller.ts": {"path":"C:\\Users\\zhari\\OneDrive\\Escritorio\\TechMentor-MD25\\tech-mentor\\src\\modules\\reservations\\reservations.controller.ts","statementMap":{"0":{"start":{"line":1,"column":0},"end":{"line":1,"column":null}},"1":{"start":{"line":14,"column":0},"end":{"line":14,"column":61}},"2":{"start":{"line":15,"column":0},"end":{"line":15,"column":72}},"3":{"start":{"line":16,"column":0},"end":{"line":16,"column":72}},"4":{"start":{"line":17,"column":0},"end":{"line":17,"column":null}},"5":{"start":{"line":23,"column":0},"end":{"line":23,"column":76}},"6":{"start":{"line":24,"column":0},"end":{"line":24,"column":49}},"7":{"start":{"line":25,"column":0},"end":{"line":25,"column":61}},"8":{"start":{"line":26,"column":0},"end":{"line":26,"column":64}},"9":{"start":{"line":27,"column":0},"end":{"line":27,"column":72}},"10":{"start":{"line":32,"column":7},"end":{"line":156,"column":null}},"11":{"start":{"line":34,"column":21},"end":{"line":34,"column":30}},"12":{"start":{"line":35,"column":21},"end":{"line":35,"column":41}},"13":{"start":{"line":48,"column":17},"end":{"line":48,"column":25}},"14":{"start":{"line":49,"column":4},"end":{"line":49,"column":62}},"15":{"start":{"line":49,"column":15},"end":{"line":49,"column":62}},"16":{"start":{"line":52,"column":4},"end":{"line":52,"column":61}},"17":{"start":{"line":52,"column":31},"end":{"line":52,"column":61}},"18":{"start":{"line":54,"column":28},"end":{"line":54,"column":56}},"19":{"start":{"line":57,"column":4},"end":{"line":61,"column":5}},"20":{"start":{"line":58,"column":6},"end":{"line":60,"column":8}},"21":{"start":{"line":59,"column":15},"end":{"line":59,"column":58}},"22":{"start":{"line":64,"column":4},"end":{"line":72,"column":5}},"23":{"start":{"line":65,"column":26},"end":{"line":65,"column":65}},"24":{"start":{"line":66,"column":30},"end":{"line":68,"column":25}},"25":{"start":{"line":67,"column":23},"end":{"line":67,"column":46}},"26":{"start":{"line":68,"column":20},"end":{"line":68,"column":24}},"27":{"start":{"line":69,"column":6},"end":{"line":71,"column":8}},"28":{"start":{"line":70,"column":8},"end":{"line":70,"column":49}},"29":{"start":{"line":74,"column":4},"end":{"line":74,"column":78}},"30":{"start":{"line":87,"column":17},"end":{"line":87,"column":25}},"31":{"start":{"line":88,"column":4},"end":{"line":88,"column":62}},"32":{"start":{"line":88,"column":15},"end":{"line":88,"column":62}},"33":{"start":{"line":89,"column":14},"end":{"line":89,"column":44}},"34":{"start":{"line":90,"column":4},"end":{"line":90,"column":40}},"35":{"start":{"line":90,"column":31},"end":{"line":90,"column":40}},"36":{"start":{"line":91,"column":4},"end":{"line":95,"column":5}},"37":{"start":{"line":92,"column":6},"end":{"line":93,"column":67}},"38":{"start":{"line":93,"column":8},"end":{"line":93,"column":67}},"39":{"start":{"line":94,"column":6},"end":{"line":94,"column":15}},"40":{"start":{"line":96,"column":4},"end":{"line":101,"column":5}},"41":{"start":{"line":97,"column":16},"end":{"line":97,"column":70}},"42":{"start":{"line":98,"column":6},"end":{"line":99,"column":67}},"43":{"start":{"line":99,"column":8},"end":{"line":99,"column":67}},"44":{"start":{"line":100,"column":6},"end":{"line":100,"column":15}},"45":{"start":{"line":102,"column":4},"end":{"line":102,"column":54}},"46":{"start":{"line":116,"column":17},"end":{"line":116,"column":25}},"47":{"start":{"line":117,"column":4},"end":{"line":121,"column":5}},"48":{"start":{"line":118,"column":6},"end":{"line":120,"column":8}},"49":{"start":{"line":122,"column":4},"end":{"line":122,"column":36}},"50":{"start":{"line":139,"column":4},"end":{"line":139,"column":46}},"51":{"start":{"line":149,"column":17},"end":{"line":149,"column":25}},"52":{"start":{"line":150,"column":24},"end":{"line":150,"column":54}},"53":{"start":{"line":151,"column":4},"end":{"line":153,"column":5}},"54":{"start":{"line":152,"column":6},"end":{"line":152,"column":70}},"55":{"start":{"line":154,"column":4},"end":{"line":154,"column":35}},"56":{"start":{"line":32,"column":13},"end":{"line":32,"column":35}},"57":{"start":{"line":47,"column":8},"end":{"line":75,"column":null}},"58":{"start":{"line":86,"column":8},"end":{"line":103,"column":null}},"59":{"start":{"line":115,"column":2},"end":{"line":123,"column":null}},"60":{"start":{"line":135,"column":2},"end":{"line":140,"column":null}},"61":{"start":{"line":148,"column":8},"end":{"line":155,"column":null}},"62":{"start":{"line":32,"column":13},"end":{"line":156,"column":null}}},"fnMap":{"0":{"name":"(anonymous_4)","decl":{"start":{"line":33,"column":2},"end":{"line":33,"column":null}},"loc":{"start":{"line":35,"column":59},"end":{"line":36,"column":6}}},"1":{"name":"(anonymous_5)","decl":{"start":{"line":47,"column":8},"end":{"line":47,"column":15}},"loc":{"start":{"line":47,"column":30},"end":{"line":75,"column":3}}},"2":{"name":"(anonymous_6)","decl":{"start":{"line":59,"column":8},"end":{"line":59,"column":9}},"loc":{"start":{"line":59,"column":15},"end":{"line":59,"column":58}}},"3":{"name":"(anonymous_7)","decl":{"start":{"line":67,"column":16},"end":{"line":67,"column":17}},"loc":{"start":{"line":67,"column":23},"end":{"line":67,"column":46}}},"4":{"name":"(anonymous_8)","decl":{"start":{"line":68,"column":13},"end":{"line":68,"column":14}},"loc":{"start":{"line":68,"column":20},"end":{"line":68,"column":24}}},"5":{"name":"(anonymous_9)","decl":{"start":{"line":69,"column":36},"end":{"line":69,"column":37}},"loc":{"start":{"line":70,"column":8},"end":{"line":70,"column":49}}},"6":{"name":"(anonymous_10)","decl":{"start":{"line":86,"column":8},"end":{"line":86,"column":15}},"loc":{"start":{"line":86,"column":69},"end":{"line":103,"column":3}}},"7":{"name":"(anonymous_11)","decl":{"start":{"line":115,"column":2},"end":{"line":115,"column":8}},"loc":{"start":{"line":115,"column":58},"end":{"line":123,"column":3}}},"8":{"name":"(anonymous_12)","decl":{"start":{"line":135,"column":2},"end":{"line":135,"column":14}},"loc":{"start":{"line":137,"column":37},"end":{"line":140,"column":3}}},"9":{"name":"(anonymous_13)","decl":{"start":{"line":148,"column":8},"end":{"line":148,"column":14}},"loc":{"start":{"line":148,"column":68},"end":{"line":155,"column":3}}}},"branchMap":{"0":{"loc":{"start":{"line":49,"column":4},"end":{"line":49,"column":62}},"type":"if","locations":[{"start":{"line":49,"column":4},"end":{"line":49,"column":62}},{"start":{},"end":{}}]},"1":{"loc":{"start":{"line":52,"column":4},"end":{"line":52,"column":61}},"type":"if","locations":[{"start":{"line":52,"column":4},"end":{"line":52,"column":61}},{"start":{},"end":{}}]},"2":{"loc":{"start":{"line":57,"column":4},"end":{"line":61,"column":5}},"type":"if","locations":[{"start":{"line":57,"column":4},"end":{"line":61,"column":5}},{"start":{},"end":{}}]},"3":{"loc":{"start":{"line":59,"column":15},"end":{"line":59,"column":58}},"type":"binary-expr","locations":[{"start":{"line":59,"column":15},"end":{"line":59,"column":27}},{"start":{"line":59,"column":31},"end":{"line":59,"column":58}}]},"4":{"loc":{"start":{"line":64,"column":4},"end":{"line":72,"column":5}},"type":"if","locations":[{"start":{"line":64,"column":4},"end":{"line":72,"column":5}},{"start":{},"end":{}}]},"5":{"loc":{"start":{"line":88,"column":4},"end":{"line":88,"column":62}},"type":"if","locations":[{"start":{"line":88,"column":4},"end":{"line":88,"column":62}},{"start":{},"end":{}}]},"6":{"loc":{"start":{"line":90,"column":4},"end":{"line":90,"column":40}},"type":"if","locations":[{"start":{"line":90,"column":4},"end":{"line":90,"column":40}},{"start":{},"end":{}}]},"7":{"loc":{"start":{"line":91,"column":4},"end":{"line":95,"column":5}},"type":"if","locations":[{"start":{"line":91,"column":4},"end":{"line":95,"column":5}},{"start":{},"end":{}}]},"8":{"loc":{"start":{"line":92,"column":6},"end":{"line":93,"column":67}},"type":"if","locations":[{"start":{"line":92,"column":6},"end":{"line":93,"column":67}},{"start":{},"end":{}}]},"9":{"loc":{"start":{"line":92,"column":10},"end":{"line":92,"column":54}},"type":"binary-expr","locations":[{"start":{"line":92,"column":10},"end":{"line":92,"column":23}},{"start":{"line":92,"column":27},"end":{"line":92,"column":54}}]},"10":{"loc":{"start":{"line":96,"column":4},"end":{"line":101,"column":5}},"type":"if","locations":[{"start":{"line":96,"column":4},"end":{"line":101,"column":5}},{"start":{},"end":{}}]},"11":{"loc":{"start":{"line":98,"column":6},"end":{"line":99,"column":67}},"type":"if","locations":[{"start":{"line":98,"column":6},"end":{"line":99,"column":67}},{"start":{},"end":{}}]},"12":{"loc":{"start":{"line":117,"column":4},"end":{"line":121,"column":5}},"type":"if","locations":[{"start":{"line":117,"column":4},"end":{"line":121,"column":5}},{"start":{},"end":{}}]},"13":{"loc":{"start":{"line":117,"column":8},"end":{"line":117,"column":62}},"type":"binary-expr","locations":[{"start":{"line":117,"column":8},"end":{"line":117,"column":29}},{"start":{"line":117,"column":33},"end":{"line":117,"column":62}}]},"14":{"loc":{"start":{"line":151,"column":4},"end":{"line":153,"column":5}},"type":"if","locations":[{"start":{"line":151,"column":4},"end":{"line":153,"column":5}},{"start":{},"end":{}}]},"15":{"loc":{"start":{"line":151,"column":8},"end":{"line":151,"column":70}},"type":"binary-expr","locations":[{"start":{"line":151,"column":8},"end":{"line":151,"column":29}},{"start":{"line":151,"column":33},"end":{"line":151,"column":70}}]},"16":{"loc":{"start":{"line":115,"column":38},"end":{"line":115,"column":null}},"type":"cond-expr","locations":[{"start":{"line":115,"column":58},"end":{"line":115,"column":null}},{"start":{"line":115,"column":58},"end":{"line":115,"column":null}}]},"17":{"loc":{"start":{"line":115,"column":38},"end":{"line":115,"column":58}},"type":"binary-expr","locations":[{"start":{"line":115,"column":38},"end":{"line":115,"column":null}},{"start":{"line":115,"column":38},"end":{"line":115,"column":58}}]},"18":{"loc":{"start":{"line":137,"column":17},"end":{"line":137,"column":null}},"type":"cond-expr","locations":[{"start":{"line":137,"column":37},"end":{"line":137,"column":null}},{"start":{"line":137,"column":37},"end":{"line":137,"column":null}}]},"19":{"loc":{"start":{"line":137,"column":17},"end":{"line":137,"column":37}},"type":"binary-expr","locations":[{"start":{"line":137,"column":17},"end":{"line":137,"column":null}},{"start":{"line":137,"column":17},"end":{"line":137,"column":37}}]},"20":{"loc":{"start":{"line":34,"column":30},"end":{"line":34,"column":null}},"type":"cond-expr","locations":[{"start":{"line":34,"column":49},"end":{"line":34,"column":null}},{"start":{"line":34,"column":49},"end":{"line":34,"column":null}}]},"21":{"loc":{"start":{"line":34,"column":30},"end":{"line":34,"column":49}},"type":"binary-expr","locations":[{"start":{"line":34,"column":30},"end":{"line":34,"column":null}},{"start":{"line":34,"column":30},"end":{"line":34,"column":49}}]},"22":{"loc":{"start":{"line":34,"column":49},"end":{"line":35,"column":null}},"type":"cond-expr","locations":[{"start":{"line":35,"column":59},"end":{"line":35,"column":null}},{"start":{"line":35,"column":59},"end":{"line":35,"column":null}}]},"23":{"loc":{"start":{"line":34,"column":49},"end":{"line":35,"column":59}},"type":"binary-expr","locations":[{"start":{"line":34,"column":49},"end":{"line":35,"column":null}},{"start":{"line":35,"column":41},"end":{"line":35,"column":59}}]}},"s":{"0":3,"1":3,"2":3,"3":3,"4":3,"5":3,"6":3,"7":3,"8":3,"9":3,"10":3,"11":6,"12":6,"13":5,"14":5,"15":0,"16":5,"17":1,"18":4,"19":4,"20":2,"21":4,"22":2,"23":2,"24":2,"25":3,"26":2,"27":2,"28":4,"29":0,"30":0,"31":0,"32":0,"33":0,"34":0,"35":0,"36":0,"37":0,"38":0,"39":0,"40":0,"41":0,"42":0,"43":0,"44":0,"45":0,"46":1,"47":1,"48":0,"49":1,"50":0,"51":0,"52":0,"53":0,"54":0,"55":0,"56":3,"57":3,"58":3,"59":3,"60":3,"61":3,"62":3},"f":{"0":6,"1":5,"2":4,"3":3,"4":2,"5":4,"6":0,"7":1,"8":0,"9":0},"b":{"0":[0,5],"1":[1,4],"2":[2,2],"3":[4,4],"4":[2,0],"5":[0,0],"6":[0,0],"7":[0,0],"8":[0,0],"9":[0,0],"10":[0,0],"11":[0,0],"12":[0,1],"13":[1,1],"14":[0,0],"15":[0,0],"16":[3,0],"17":[3,3],"18":[3,0],"19":[3,3],"20":[3,0],"21":[3,3],"22":[3,0],"23":[3,3]}}
,"C:\\Users\\zhari\\OneDrive\\Escritorio\\TechMentor-MD25\\tech-mentor\\src\\modules\\reservations\\reservations.module.ts": {"path":"C:\\Users\\zhari\\OneDrive\\Escritorio\\TechMentor-MD25\\tech-mentor\\src\\modules\\reservations\\reservations.module.ts","statementMap":{"0":{"start":{"line":1,"column":0},"end":{"line":1,"column":40}},"1":{"start":{"line":2,"column":0},"end":{"line":2,"column":48}},"2":{"start":{"line":3,"column":0},"end":{"line":3,"column":64}},"3":{"start":{"line":4,"column":0},"end":{"line":4,"column":61}},"4":{"start":{"line":5,"column":0},"end":{"line":5,"column":67}},"5":{"start":{"line":6,"column":0},"end":{"line":6,"column":52}},"6":{"start":{"line":7,"column":0},"end":{"line":7,"column":70}},"7":{"start":{"line":19,"column":7},"end":{"line":19,"column":null}},"8":{"start":{"line":19,"column":13},"end":{"line":19,"column":31}},"9":{"start":{"line":19,"column":13},"end":{"line":19,"column":null}}},"fnMap":{},"branchMap":{},"s":{"0":1,"1":1,"2":1,"3":1,"4":1,"5":1,"6":1,"7":1,"8":1,"9":1},"f":{},"b":{}}
,"C:\\Users\\zhari\\OneDrive\\Escritorio\\TechMentor-MD25\\tech-mentor\\src\\modules\\reservations\\reservations.service.ts": {"path":"C:\\Users\\zhari\\OneDrive\\Escritorio\\TechMentor-MD25\\tech-mentor\\src\\modules\\reservations\\reservations.service.ts","statementMap":{"0":{"start":{"line":1,"column":0},"end":{"line":1,"column":63}},"1":{"start":{"line":2,"column":0},"end":{"line":2,"column":51}},"2":{"start":{"line":3,"column":0},"end":{"line":3,"column":37}},"3":{"start":{"line":4,"column":0},"end":{"line":4,"column":64}},"4":{"start":{"line":7,"column":0},"end":{"line":7,"column":54}},"5":{"start":{"line":10,"column":7},"end":{"line":52,"column":null}},"6":{"start":{"line":13,"column":12},"end":{"line":13,"column":29}},"7":{"start":{"line":14,"column":12},"end":{"line":14,"column":26}},"8":{"start":{"line":18,"column":4},"end":{"line":18,"column":39}},"9":{"start":{"line":22,"column":14},"end":{"line":22,"column":67}},"10":{"start":{"line":23,"column":4},"end":{"line":23,"column":71}},"11":{"start":{"line":23,"column":12},"end":{"line":23,"column":71}},"12":{"start":{"line":24,"column":4},"end":{"line":24,"column":13}},"13":{"start":{"line":28,"column":17},"end":{"line":28,"column":67}},"14":{"start":{"line":29,"column":4},"end":{"line":29,"column":82}},"15":{"start":{"line":29,"column":15},"end":{"line":29,"column":82}},"16":{"start":{"line":31,"column":24},"end":{"line":36,"column":6}},"17":{"start":{"line":38,"column":4},"end":{"line":38,"column":50}},"18":{"start":{"line":42,"column":14},"end":{"line":42,"column":36}},"19":{"start":{"line":43,"column":4},"end":{"line":43,"column":26}},"20":{"start":{"line":44,"column":4},"end":{"line":44,"column":40}},"21":{"start":{"line":48,"column":14},"end":{"line":48,"column":36}},"22":{"start":{"line":49,"column":4},"end":{"line":49,"column":41}},"23":{"start":{"line":50,"column":4},"end":{"line":50,"column":29}},"24":{"start":{"line":10,"column":13},"end":{"line":10,"column":32}},"25":{"start":{"line":10,"column":13},"end":{"line":52,"column":null}}},"fnMap":{"0":{"name":"(anonymous_4)","decl":{"start":{"line":11,"column":2},"end":{"line":11,"column":null}},"loc":{"start":{"line":14,"column":38},"end":{"line":15,"column":6}}},"1":{"name":"(anonymous_5)","decl":{"start":{"line":17,"column":2},"end":{"line":17,"column":7}},"loc":{"start":{"line":17,"column":15},"end":{"line":19,"column":3}}},"2":{"name":"(anonymous_6)","decl":{"start":{"line":21,"column":2},"end":{"line":21,"column":7}},"loc":{"start":{"line":21,"column":26},"end":{"line":25,"column":3}}},"3":{"name":"(anonymous_7)","decl":{"start":{"line":27,"column":2},"end":{"line":27,"column":7}},"loc":{"start":{"line":27,"column":40},"end":{"line":39,"column":3}}},"4":{"name":"(anonymous_8)","decl":{"start":{"line":41,"column":2},"end":{"line":41,"column":7}},"loc":{"start":{"line":41,"column":58},"end":{"line":45,"column":3}}},"5":{"name":"(anonymous_9)","decl":{"start":{"line":47,"column":2},"end":{"line":47,"column":7}},"loc":{"start":{"line":47,"column":25},"end":{"line":51,"column":3}}}},"branchMap":{"0":{"loc":{"start":{"line":23,"column":4},"end":{"line":23,"column":71}},"type":"if","locations":[{"start":{"line":23,"column":4},"end":{"line":23,"column":71}},{"start":{},"end":{}}]},"1":{"loc":{"start":{"line":29,"column":4},"end":{"line":29,"column":82}},"type":"if","locations":[{"start":{"line":29,"column":4},"end":{"line":29,"column":82}},{"start":{},"end":{}}]},"2":{"loc":{"start":{"line":13,"column":29},"end":{"line":13,"column":52}},"type":"cond-expr","locations":[{"start":{"line":13,"column":39},"end":{"line":13,"column":52}},{"start":{"line":13,"column":39},"end":{"line":13,"column":52}}]},"3":{"loc":{"start":{"line":13,"column":29},"end":{"line":13,"column":39}},"type":"binary-expr","locations":[{"start":{"line":13,"column":29},"end":{"line":13,"column":52}},{"start":{"line":13,"column":29},"end":{"line":13,"column":39}}]},"4":{"loc":{"start":{"line":13,"column":39},"end":{"line":14,"column":null}},"type":"cond-expr","locations":[{"start":{"line":14,"column":38},"end":{"line":14,"column":null}},{"start":{"line":14,"column":38},"end":{"line":14,"column":null}}]},"5":{"loc":{"start":{"line":13,"column":39},"end":{"line":14,"column":38}},"type":"binary-expr","locations":[{"start":{"line":13,"column":39},"end":{"line":14,"column":null}},{"start":{"line":14,"column":26},"end":{"line":14,"column":38}}]}},"s":{"0":5,"1":5,"2":5,"3":5,"4":5,"5":5,"6":7,"7":7,"8":0,"9":3,"10":3,"11":1,"12":2,"13":4,"14":4,"15":2,"16":2,"17":2,"18":1,"19":1,"20":1,"21":1,"22":1,"23":1,"24":5,"25":5},"f":{"0":7,"1":0,"2":3,"3":4,"4":1,"5":1},"b":{"0":[1,2],"1":[2,2],"2":[5,0],"3":[5,5],"4":[5,0],"5":[5,5]}}
,"C:\\Users\\zhari\\OneDrive\\Escritorio\\TechMentor-MD25\\tech-mentor\\src\\modules\\users\\users.controller.ts": {"path":"C:\\Users\\zhari\\OneDrive\\Escritorio\\TechMentor-MD25\\tech-mentor\\src\\modules\\users\\users.controller.ts","statementMap":{"0":{"start":{"line":1,"column":0},"end":{"line":1,"column":null}},"1":{"start":{"line":14,"column":0},"end":{"line":14,"column":47}},"2":{"start":{"line":15,"column":0},"end":{"line":15,"column":58}},"3":{"start":{"line":16,"column":0},"end":{"line":16,"column":58}},"4":{"start":{"line":17,"column":0},"end":{"line":17,"column":null}},"5":{"start":{"line":23,"column":0},"end":{"line":23,"column":62}},"6":{"start":{"line":24,"column":0},"end":{"line":24,"column":49}},"7":{"start":{"line":25,"column":0},"end":{"line":25,"column":61}},"8":{"start":{"line":26,"column":0},"end":{"line":26,"column":64}},"9":{"start":{"line":33,"column":7},"end":{"line":93,"column":null}},"10":{"start":{"line":34,"column":31},"end":{"line":34,"column":45}},"11":{"start":{"line":44,"column":4},"end":{"line":44,"column":51}},"12":{"start":{"line":55,"column":4},"end":{"line":55,"column":39}},"13":{"start":{"line":66,"column":4},"end":{"line":66,"column":41}},"14":{"start":{"line":80,"column":4},"end":{"line":80,"column":55}},"15":{"start":{"line":87,"column":17},"end":{"line":87,"column":25}},"16":{"start":{"line":88,"column":4},"end":{"line":90,"column":5}},"17":{"start":{"line":89,"column":6},"end":{"line":89,"column":75}},"18":{"start":{"line":91,"column":4},"end":{"line":91,"column":40}},"19":{"start":{"line":33,"column":13},"end":{"line":33,"column":28}},"20":{"start":{"line":43,"column":2},"end":{"line":45,"column":null}},"21":{"start":{"line":54,"column":2},"end":{"line":56,"column":null}},"22":{"start":{"line":65,"column":2},"end":{"line":67,"column":null}},"23":{"start":{"line":76,"column":2},"end":{"line":81,"column":null}},"24":{"start":{"line":86,"column":2},"end":{"line":92,"column":null}},"25":{"start":{"line":33,"column":13},"end":{"line":93,"column":null}}},"fnMap":{"0":{"name":"(anonymous_4)","decl":{"start":{"line":34,"column":2},"end":{"line":34,"column":31}},"loc":{"start":{"line":34,"column":57},"end":{"line":34,"column":61}}},"1":{"name":"(anonymous_5)","decl":{"start":{"line":43,"column":2},"end":{"line":43,"column":8}},"loc":{"start":{"line":43,"column":45},"end":{"line":45,"column":3}}},"2":{"name":"(anonymous_6)","decl":{"start":{"line":54,"column":2},"end":{"line":54,"column":9}},"loc":{"start":{"line":54,"column":9},"end":{"line":56,"column":3}}},"3":{"name":"(anonymous_7)","decl":{"start":{"line":65,"column":2},"end":{"line":65,"column":9}},"loc":{"start":{"line":65,"column":47},"end":{"line":67,"column":3}}},"4":{"name":"(anonymous_8)","decl":{"start":{"line":76,"column":2},"end":{"line":76,"column":8}},"loc":{"start":{"line":78,"column":40},"end":{"line":81,"column":3}}},"5":{"name":"(anonymous_9)","decl":{"start":{"line":86,"column":2},"end":{"line":86,"column":8}},"loc":{"start":{"line":86,"column":62},"end":{"line":92,"column":3}}}},"branchMap":{"0":{"loc":{"start":{"line":88,"column":4},"end":{"line":90,"column":5}},"type":"if","locations":[{"start":{"line":88,"column":4},"end":{"line":90,"column":5}},{"start":{},"end":{}}]},"1":{"loc":{"start":{"line":88,"column":8},"end":{"line":88,"column":30}},"type":"binary-expr","locations":[{"start":{"line":88,"column":8},"end":{"line":88,"column":12}},{"start":{"line":88,"column":16},"end":{"line":88,"column":30}}]},"2":{"loc":{"start":{"line":43,"column":32},"end":{"line":43,"column":null}},"type":"cond-expr","locations":[{"start":{"line":43,"column":45},"end":{"line":43,"column":null}},{"start":{"line":43,"column":45},"end":{"line":43,"column":null}}]},"3":{"loc":{"start":{"line":43,"column":32},"end":{"line":43,"column":45}},"type":"binary-expr","locations":[{"start":{"line":43,"column":32},"end":{"line":43,"column":null}},{"start":{"line":43,"column":32},"end":{"line":43,"column":45}}]},"4":{"loc":{"start":{"line":78,"column":27},"end":{"line":78,"column":null}},"type":"cond-expr","locations":[{"start":{"line":78,"column":40},"end":{"line":78,"column":null}},{"start":{"line":78,"column":40},"end":{"line":78,"column":null}}]},"5":{"loc":{"start":{"line":78,"column":27},"end":{"line":78,"column":40}},"type":"binary-expr","locations":[{"start":{"line":78,"column":27},"end":{"line":78,"column":null}},{"start":{"line":78,"column":27},"end":{"line":78,"column":40}}]},"6":{"loc":{"start":{"line":34,"column":45},"end":{"line":34,"column":60}},"type":"cond-expr","locations":[{"start":{"line":34,"column":57},"end":{"line":34,"column":60}},{"start":{"line":34,"column":57},"end":{"line":34,"column":60}}]},"7":{"loc":{"start":{"line":34,"column":45},"end":{"line":34,"column":57}},"type":"binary-expr","locations":[{"start":{"line":34,"column":45},"end":{"line":34,"column":60}},{"start":{"line":34,"column":45},"end":{"line":34,"column":57}}]}},"s":{"0":2,"1":2,"2":2,"3":2,"4":2,"5":2,"6":2,"7":2,"8":2,"9":2,"10":6,"11":1,"12":1,"13":1,"14":1,"15":2,"16":2,"17":1,"18":1,"19":2,"20":2,"21":2,"22":2,"23":2,"24":2,"25":2},"f":{"0":6,"1":1,"2":1,"3":1,"4":1,"5":2},"b":{"0":[1,1],"1":[2,2],"2":[2,0],"3":[2,2],"4":[2,0],"5":[2,2],"6":[2,0],"7":[2,2]}}
,"C:\\Users\\zhari\\OneDrive\\Escritorio\\TechMentor-MD25\\tech-mentor\\src\\modules\\users\\users.module.ts": {"path":"C:\\Users\\zhari\\OneDrive\\Escritorio\\TechMentor-MD25\\tech-mentor\\src\\modules\\users\\users.module.ts","statementMap":{"0":{"start":{"line":1,"column":0},"end":{"line":1,"column":40}},"1":{"start":{"line":2,"column":0},"end":{"line":2,"column":48}},"2":{"start":{"line":3,"column":0},"end":{"line":3,"column":47}},"3":{"start":{"line":4,"column":0},"end":{"line":4,"column":53}},"4":{"start":{"line":5,"column":0},"end":{"line":5,"column":50}},"5":{"start":{"line":15,"column":7},"end":{"line":15,"column":null}},"6":{"start":{"line":15,"column":13},"end":{"line":15,"column":24}},"7":{"start":{"line":15,"column":13},"end":{"line":15,"column":null}}},"fnMap":{},"branchMap":{},"s":{"0":1,"1":1,"2":1,"3":1,"4":1,"5":1,"6":1,"7":1},"f":{},"b":{}}
,"C:\\Users\\zhari\\OneDrive\\Escritorio\\TechMentor-MD25\\tech-mentor\\src\\modules\\users\\users.service.ts": {"path":"C:\\Users\\zhari\\OneDrive\\Escritorio\\TechMentor-MD25\\tech-mentor\\src\\modules\\users\\users.service.ts","statementMap":{"0":{"start":{"line":1,"column":0},"end":{"line":1,"column":44}},"1":{"start":{"line":2,"column":0},"end":{"line":2,"column":51}},"2":{"start":{"line":3,"column":0},"end":{"line":3,"column":37}},"3":{"start":{"line":4,"column":0},"end":{"line":4,"column":50}},"4":{"start":{"line":7,"column":0},"end":{"line":7,"column":33}},"5":{"start":{"line":10,"column":7},"end":{"line":52,"column":null}},"6":{"start":{"line":13,"column":12},"end":{"line":13,"column":29}},"7":{"start":{"line":17,"column":27},"end":{"line":17,"column":72}},"8":{"start":{"line":18,"column":17},"end":{"line":21,"column":14}},"9":{"start":{"line":22,"column":4},"end":{"line":22,"column":43}},"10":{"start":{"line":26,"column":4},"end":{"line":26,"column":39}},"11":{"start":{"line":30,"column":4},"end":{"line":30,"column":59}},"12":{"start":{"line":34,"column":4},"end":{"line":34,"column":62}},"13":{"start":{"line":38,"column":40},"end":{"line":38,"column":74}},"14":{"start":{"line":40,"column":4},"end":{"line":43,"column":5}},"15":{"start":{"line":41,"column":29},"end":{"line":41,"column":71}},"16":{"start":{"line":42,"column":6},"end":{"line":42,"column":45}},"17":{"start":{"line":45,"column":4},"end":{"line":45,"column":56}},"18":{"start":{"line":46,"column":4},"end":{"line":46,"column":28}},"19":{"start":{"line":50,"column":4},"end":{"line":50,"column":42}},"20":{"start":{"line":10,"column":13},"end":{"line":10,"column":25}},"21":{"start":{"line":10,"column":13},"end":{"line":52,"column":null}}},"fnMap":{"0":{"name":"(anonymous_13)","decl":{"start":{"line":11,"column":2},"end":{"line":11,"column":null}},"loc":{"start":{"line":13,"column":45},"end":{"line":14,"column":6}}},"1":{"name":"(anonymous_14)","decl":{"start":{"line":16,"column":2},"end":{"line":16,"column":7}},"loc":{"start":{"line":16,"column":43},"end":{"line":23,"column":3}}},"2":{"name":"(anonymous_15)","decl":{"start":{"line":25,"column":2},"end":{"line":25,"column":7}},"loc":{"start":{"line":25,"column":15},"end":{"line":27,"column":3}}},"3":{"name":"(anonymous_16)","decl":{"start":{"line":29,"column":2},"end":{"line":29,"column":7}},"loc":{"start":{"line":29,"column":26},"end":{"line":31,"column":3}}},"4":{"name":"(anonymous_17)","decl":{"start":{"line":33,"column":2},"end":{"line":33,"column":7}},"loc":{"start":{"line":33,"column":33},"end":{"line":35,"column":3}}},"5":{"name":"(anonymous_18)","decl":{"start":{"line":37,"column":2},"end":{"line":37,"column":7}},"loc":{"start":{"line":37,"column":52},"end":{"line":47,"column":3}}},"6":{"name":"(anonymous_19)","decl":{"start":{"line":49,"column":2},"end":{"line":49,"column":7}},"loc":{"start":{"line":49,"column":25},"end":{"line":51,"column":3}}}},"branchMap":{"0":{"loc":{"start":{"line":40,"column":4},"end":{"line":43,"column":5}},"type":"if","locations":[{"start":{"line":40,"column":4},"end":{"line":43,"column":5}},{"start":{},"end":{}}]},"1":{"loc":{"start":{"line":13,"column":29},"end":{"line":13,"column":45}},"type":"cond-expr","locations":[{"start":{"line":13,"column":39},"end":{"line":13,"column":45}},{"start":{"line":13,"column":39},"end":{"line":13,"column":45}}]},"2":{"loc":{"start":{"line":13,"column":29},"end":{"line":13,"column":39}},"type":"binary-expr","locations":[{"start":{"line":13,"column":29},"end":{"line":13,"column":45}},{"start":{"line":13,"column":29},"end":{"line":13,"column":39}}]}},"s":{"0":7,"1":7,"2":7,"3":7,"4":7,"5":7,"6":2,"7":1,"8":1,"9":1,"10":0,"11":1,"12":0,"13":1,"14":1,"15":1,"16":1,"17":1,"18":1,"19":0,"20":7,"21":7},"f":{"0":2,"1":1,"2":0,"3":1,"4":0,"5":1,"6":0},"b":{"0":[1,0],"1":[7,0],"2":[7,7]}}
}
