TN:
SF:src\app.controller.ts
FN:6,(anonymous_2)
FN:9,(anonymous_3)
FNF:2
FNH:2
FNDA:1,(anonymous_2)
FNDA:1,(anonymous_3)
DA:1,2
DA:2,2
DA:5,2
DA:6,1
DA:9,2
DA:10,1
LF:6
LH:6
BRDA:6,0,0,2
BRDA:6,0,1,0
BRDA:6,1,0,2
BRDA:6,1,1,2
BRF:4
BRH:3
end_of_record
TN:
SF:src\app.module.ts
FNF:0
FNH:0
DA:1,1
DA:2,1
DA:3,1
DA:4,1
DA:5,1
DA:6,1
DA:7,1
DA:8,1
DA:9,1
DA:10,1
DA:11,1
DA:12,1
DA:44,1
LF:13
LH:13
BRDA:22,0,0,1
BRDA:22,0,1,0
BRF:2
BRH:1
end_of_record
TN:
SF:src\app.service.ts
FN:5,(anonymous_1)
FNF:1
FNH:1
FNDA:1,(anonymous_1)
DA:1,2
DA:4,2
DA:6,1
LF:3
LH:3
BRF:0
BRH:0
end_of_record
TN:
SF:src\data-source.ts
FNF:0
FNH:0
DA:1,1
DA:2,1
DA:3,1
DA:4,1
DA:6,1
DA:9,1
DA:10,1
DA:11,1
DA:13,1
DA:20,1
DA:21,1
DA:22,0
DA:23,0
DA:24,0
DA:25,0
DA:26,0
DA:27,0
DA:28,0
DA:31,0
DA:36,0
DA:40,1
DA:56,1
LF:22
LH:13
BRDA:21,0,0,0
BRDA:21,0,1,1
BRDA:23,1,0,0
BRDA:23,1,1,0
BRDA:26,2,0,0
BRDA:26,2,1,0
BRDA:36,3,0,0
BRDA:36,3,1,0
BRDA:42,4,0,1
BRDA:42,4,1,0
BRDA:43,5,0,1
BRDA:43,5,1,0
BRDA:44,6,0,1
BRDA:44,6,1,0
BRDA:45,7,0,1
BRDA:45,7,1,0
BRDA:46,8,0,1
BRDA:46,8,1,0
BRDA:50,9,0,0
BRDA:50,9,1,1
BRDA:53,10,0,0
BRDA:53,10,1,1
BRF:22
BRH:8
end_of_record
TN:
SF:src\common\decorators\roles.decorator.ts
FN:4,(anonymous_0)
FNF:1
FNH:1
FNDA:26,(anonymous_0)
DA:1,7
DA:3,7
DA:4,26
LF:3
LH:3
BRF:0
BRH:0
end_of_record
TN:
SF:src\common\guards\roles.guard.ts
FN:7,(anonymous_2)
FN:9,(anonymous_3)
FNF:2
FNH:2
FNDA:4,(anonymous_2)
FNDA:4,(anonymous_3)
DA:1,7
DA:2,7
DA:3,7
DA:6,7
DA:7,4
DA:10,4
DA:14,4
DA:16,3
DA:17,3
DA:18,2
LF:10
LH:10
BRDA:14,0,0,1
BRDA:14,0,1,3
BRDA:14,1,0,4
BRDA:14,1,1,3
BRDA:17,2,0,1
BRDA:17,2,1,2
BRDA:17,3,0,3
BRDA:17,3,1,2
BRDA:7,4,0,7
BRDA:7,4,1,0
BRDA:7,5,0,7
BRDA:7,5,1,7
BRF:12
BRH:11
end_of_record
TN:
SF:src\modules\auth\auth.controller.ts
FN:26,(anonymous_4)
FN:35,(anonymous_5)
FN:47,(anonymous_6)
FN:67,(anonymous_7)
FNF:4
FNH:4
FNDA:3,(anonymous_4)
FNDA:1,(anonymous_5)
FNDA:1,(anonymous_6)
FNDA:1,(anonymous_7)
DA:1,2
DA:9,2
DA:10,2
DA:11,2
DA:12,2
DA:13,2
DA:19,2
DA:20,2
DA:21,2
DA:25,2
DA:26,3
DA:35,2
DA:36,1
DA:47,2
DA:48,1
DA:67,2
DA:68,1
LF:17
LH:17
BRDA:35,0,0,2
BRDA:35,0,1,0
BRDA:35,1,0,2
BRDA:35,1,1,2
BRDA:47,2,0,2
BRDA:47,2,1,0
BRDA:47,3,0,2
BRDA:47,3,1,2
BRDA:26,4,0,2
BRDA:26,4,1,0
BRDA:26,5,0,2
BRDA:26,5,1,2
BRF:12
BRH:9
end_of_record
TN:
SF:src\modules\auth\auth.module.ts
FN:19,(anonymous_1)
FNF:1
FNH:0
FNDA:0,(anonymous_1)
DA:1,1
DA:2,1
DA:3,1
DA:4,1
DA:5,1
DA:6,1
DA:7,1
DA:8,1
DA:19,0
DA:31,1
LF:10
LH:9
BRDA:22,0,0,0
BRDA:22,0,1,0
BRF:2
BRH:0
end_of_record
TN:
SF:src\modules\auth\auth.service.ts
FN:12,(anonymous_13)
FN:20,(anonymous_14)
FN:27,(anonymous_15)
FNF:3
FNH:3
FNDA:4,(anonymous_13)
FNDA:1,(anonymous_14)
FNDA:3,(anonymous_15)
DA:1,3
DA:2,3
DA:3,3
DA:4,3
DA:5,3
DA:7,3
DA:11,3
DA:14,4
DA:15,4
DA:21,1
DA:22,1
DA:23,1
DA:24,1
DA:28,3
DA:30,3
DA:31,1
DA:34,2
DA:36,2
DA:37,1
DA:40,1
DA:41,1
DA:43,1
LF:22
LH:22
BRDA:30,0,0,1
BRDA:30,0,1,2
BRDA:36,1,0,1
BRDA:36,1,1,1
BRDA:14,2,0,3
BRDA:14,2,1,0
BRDA:14,3,0,3
BRDA:14,3,1,3
BRDA:14,4,0,3
BRDA:14,4,1,0
BRDA:14,5,0,3
BRDA:14,5,1,3
BRF:12
BRH:10
end_of_record
TN:
SF:src\modules\auth\jwt.guard.ts
FNF:0
FNH:0
DA:1,7
DA:2,7
DA:5,7
LF:3
LH:3
BRF:0
BRH:0
end_of_record
TN:
SF:src\modules\auth\jwt.strategy.ts
FN:7,(anonymous_2)
FN:15,(anonymous_3)
FNF:2
FNH:2
FNDA:1,(anonymous_2)
FNDA:1,(anonymous_3)
DA:1,2
DA:2,2
DA:3,2
DA:6,2
DA:8,1
DA:17,1
LF:6
LH:6
BRDA:11,0,0,1
BRDA:11,0,1,1
BRF:2
BRH:2
end_of_record
TN:
SF:src\modules\mentorships\mentorships.controller.ts
FN:31,(anonymous_4)
FN:40,(anonymous_5)
FN:51,(anonymous_6)
FN:66,(anonymous_7)
FN:93,(anonymous_8)
FN:121,(anonymous_9)
FNF:6
FNH:6
FNDA:8,(anonymous_4)
FNDA:2,(anonymous_5)
FNDA:1,(anonymous_6)
FNDA:3,(anonymous_7)
FNDA:1,(anonymous_8)
FNDA:1,(anonymous_9)
DA:1,3
DA:14,3
DA:15,3
DA:16,3
DA:23,3
DA:24,3
DA:25,3
DA:26,3
DA:30,3
DA:31,8
DA:40,3
DA:41,2
DA:51,3
DA:52,1
DA:66,3
DA:68,3
DA:69,3
DA:70,3
DA:71,1
DA:74,2
DA:75,2
DA:79,2
DA:93,3
DA:98,1
DA:99,1
DA:100,1
DA:101,1
DA:102,1
DA:106,0
DA:107,0
DA:111,0
DA:121,3
DA:122,1
DA:123,1
DA:124,1
DA:125,1
DA:126,1
DA:129,0
DA:130,0
DA:131,0
DA:135,0
LF:41
LH:34
BRDA:69,0,0,0
BRDA:69,0,1,3
BRDA:70,1,0,1
BRDA:70,1,1,2
BRDA:70,2,0,3
BRDA:70,2,1,3
BRDA:74,3,0,2
BRDA:74,3,1,0
BRDA:99,4,0,0
BRDA:99,4,1,1
BRDA:101,5,0,1
BRDA:101,5,1,0
BRDA:101,6,0,1
BRDA:101,6,1,1
BRDA:106,7,0,0
BRDA:106,7,1,0
BRDA:106,8,0,0
BRDA:106,8,1,0
BRDA:123,9,0,0
BRDA:123,9,1,1
BRDA:125,10,0,1
BRDA:125,10,1,0
BRDA:125,11,0,1
BRDA:125,11,1,1
BRDA:130,12,0,0
BRDA:130,12,1,0
BRDA:130,13,0,0
BRDA:130,13,1,0
BRDA:66,14,0,3
BRDA:66,14,1,0
BRDA:66,15,0,3
BRDA:66,15,1,3
BRDA:96,16,0,0
BRDA:96,16,1,3
BRDA:96,17,0,3
BRDA:96,17,1,0
BRDA:31,18,0,3
BRDA:31,18,1,0
BRDA:31,19,0,3
BRDA:31,19,1,3
BRF:40
BRH:22
end_of_record
TN:
SF:src\modules\mentorships\mentorships.module.ts
FNF:0
FNH:0
DA:1,1
DA:2,1
DA:3,1
DA:4,1
DA:5,1
DA:13,1
LF:6
LH:6
BRF:0
BRH:0
end_of_record
TN:
SF:src\modules\mentorships\mentorships.service.ts
FN:9,(anonymous_4)
FN:14,(anonymous_5)
FN:18,(anonymous_6)
FN:24,(anonymous_7)
FN:35,(anonymous_8)
FN:44,(anonymous_9)
FNF:6
FNH:6
FNDA:7,(anonymous_4)
FNDA:1,(anonymous_5)
FNDA:4,(anonymous_6)
FNDA:2,(anonymous_7)
FNDA:1,(anonymous_8)
FNDA:1,(anonymous_9)
DA:1,7
DA:2,7
DA:3,7
DA:5,7
DA:8,7
DA:11,7
DA:15,1
DA:19,4
DA:20,4
DA:21,2
DA:25,2
DA:32,2
DA:39,1
DA:40,1
DA:41,1
DA:45,1
DA:46,1
DA:47,1
LF:18
LH:18
BRDA:20,0,0,2
BRDA:20,0,1,2
BRDA:27,1,0,2
BRDA:27,1,1,2
BRDA:29,2,0,2
BRDA:29,2,1,2
BRDA:30,3,0,2
BRDA:30,3,1,2
BRDA:11,4,0,7
BRDA:11,4,1,0
BRDA:11,5,0,7
BRDA:11,5,1,7
BRF:12
BRH:11
end_of_record
TN:
SF:src\modules\reservations\reservations.controller.ts
FN:33,(anonymous_4)
FN:47,(anonymous_5)
FN:59,(anonymous_6)
FN:67,(anonymous_7)
FN:68,(anonymous_8)
FN:69,(anonymous_9)
FN:86,(anonymous_10)
FN:115,(anonymous_11)
FN:135,(anonymous_12)
FN:148,(anonymous_13)
FNF:10
FNH:7
FNDA:6,(anonymous_4)
FNDA:5,(anonymous_5)
FNDA:4,(anonymous_6)
FNDA:3,(anonymous_7)
FNDA:2,(anonymous_8)
FNDA:4,(anonymous_9)
FNDA:0,(anonymous_10)
FNDA:1,(anonymous_11)
FNDA:0,(anonymous_12)
FNDA:0,(anonymous_13)
DA:1,3
DA:14,3
DA:15,3
DA:16,3
DA:17,3
DA:23,3
DA:24,3
DA:25,3
DA:26,3
DA:27,3
DA:32,3
DA:34,6
DA:35,6
DA:47,3
DA:48,5
DA:49,5
DA:52,5
DA:54,4
DA:57,4
DA:58,2
DA:59,4
DA:64,2
DA:65,2
DA:66,2
DA:67,3
DA:68,2
DA:69,2
DA:70,4
DA:74,0
DA:86,3
DA:87,0
DA:88,0
DA:89,0
DA:90,0
DA:91,0
DA:92,0
DA:93,0
DA:94,0
DA:96,0
DA:97,0
DA:98,0
DA:99,0
DA:100,0
DA:102,0
DA:115,3
DA:116,1
DA:117,1
DA:118,0
DA:122,1
DA:135,3
DA:139,0
DA:148,3
DA:149,0
DA:150,0
DA:151,0
DA:152,0
DA:154,0
LF:57
LH:35
BRDA:49,0,0,0
BRDA:49,0,1,5
BRDA:52,1,0,1
BRDA:52,1,1,4
BRDA:57,2,0,2
BRDA:57,2,1,2
BRDA:59,3,0,4
BRDA:59,3,1,4
BRDA:64,4,0,2
BRDA:64,4,1,0
BRDA:88,5,0,0
BRDA:88,5,1,0
BRDA:90,6,0,0
BRDA:90,6,1,0
BRDA:91,7,0,0
BRDA:91,7,1,0
BRDA:92,8,0,0
BRDA:92,8,1,0
BRDA:92,9,0,0
BRDA:92,9,1,0
BRDA:96,10,0,0
BRDA:96,10,1,0
BRDA:98,11,0,0
BRDA:98,11,1,0
BRDA:117,12,0,0
BRDA:117,12,1,1
BRDA:117,13,0,1
BRDA:117,13,1,1
BRDA:151,14,0,0
BRDA:151,14,1,0
BRDA:151,15,0,0
BRDA:151,15,1,0
BRDA:115,16,0,3
BRDA:115,16,1,0
BRDA:115,17,0,3
BRDA:115,17,1,3
BRDA:137,18,0,3
BRDA:137,18,1,0
BRDA:137,19,0,3
BRDA:137,19,1,3
BRDA:34,20,0,3
BRDA:34,20,1,0
BRDA:34,21,0,3
BRDA:34,21,1,3
BRDA:34,22,0,3
BRDA:34,22,1,0
BRDA:34,23,0,3
BRDA:34,23,1,3
BRF:48
BRH:23
end_of_record
TN:
SF:src\modules\reservations\reservations.module.ts
FNF:0
FNH:0
DA:1,1
DA:2,1
DA:3,1
DA:4,1
DA:5,1
DA:6,1
DA:7,1
DA:19,1
LF:8
LH:8
BRF:0
BRH:0
end_of_record
TN:
SF:src\modules\reservations\reservations.service.ts
FN:11,(anonymous_4)
FN:17,(anonymous_5)
FN:21,(anonymous_6)
FN:27,(anonymous_7)
FN:41,(anonymous_8)
FN:47,(anonymous_9)
FNF:6
FNH:5
FNDA:7,(anonymous_4)
FNDA:0,(anonymous_5)
FNDA:3,(anonymous_6)
FNDA:4,(anonymous_7)
FNDA:1,(anonymous_8)
FNDA:1,(anonymous_9)
DA:1,5
DA:2,5
DA:3,5
DA:4,5
DA:7,5
DA:10,5
DA:13,7
DA:14,7
DA:18,0
DA:22,3
DA:23,3
DA:24,2
DA:28,4
DA:29,4
DA:31,2
DA:38,2
DA:42,1
DA:43,1
DA:44,1
DA:48,1
DA:49,1
DA:50,1
LF:22
LH:21
BRDA:23,0,0,1
BRDA:23,0,1,2
BRDA:29,1,0,2
BRDA:29,1,1,2
BRDA:13,2,0,5
BRDA:13,2,1,0
BRDA:13,3,0,5
BRDA:13,3,1,5
BRDA:13,4,0,5
BRDA:13,4,1,0
BRDA:13,5,0,5
BRDA:13,5,1,5
BRF:12
BRH:10
end_of_record
TN:
SF:src\modules\users\users.controller.ts
FN:34,(anonymous_4)
FN:43,(anonymous_5)
FN:54,(anonymous_6)
FN:65,(anonymous_7)
FN:76,(anonymous_8)
FN:86,(anonymous_9)
FNF:6
FNH:6
FNDA:6,(anonymous_4)
FNDA:1,(anonymous_5)
FNDA:1,(anonymous_6)
FNDA:1,(anonymous_7)
FNDA:1,(anonymous_8)
FNDA:2,(anonymous_9)
DA:1,2
DA:14,2
DA:15,2
DA:16,2
DA:17,2
DA:23,2
DA:24,2
DA:25,2
DA:26,2
DA:33,2
DA:34,6
DA:43,2
DA:44,1
DA:54,2
DA:55,1
DA:65,2
DA:66,1
DA:76,2
DA:80,1
DA:86,2
DA:87,2
DA:88,2
DA:89,1
DA:91,1
LF:24
LH:24
BRDA:88,0,0,1
BRDA:88,0,1,1
BRDA:88,1,0,2
BRDA:88,1,1,2
BRDA:43,2,0,2
BRDA:43,2,1,0
BRDA:43,3,0,2
BRDA:43,3,1,2
BRDA:78,4,0,2
BRDA:78,4,1,0
BRDA:78,5,0,2
BRDA:78,5,1,2
BRDA:34,6,0,2
BRDA:34,6,1,0
BRDA:34,7,0,2
BRDA:34,7,1,2
BRF:16
BRH:13
end_of_record
TN:
SF:src\modules\users\users.module.ts
FNF:0
FNH:0
DA:1,1
DA:2,1
DA:3,1
DA:4,1
DA:5,1
DA:15,1
LF:6
LH:6
BRF:0
BRH:0
end_of_record
TN:
SF:src\modules\users\users.service.ts
FN:11,(anonymous_13)
FN:16,(anonymous_14)
FN:25,(anonymous_15)
FN:29,(anonymous_16)
FN:33,(anonymous_17)
FN:37,(anonymous_18)
FN:49,(anonymous_19)
FNF:7
FNH:4
FNDA:2,(anonymous_13)
FNDA:1,(anonymous_14)
FNDA:0,(anonymous_15)
FNDA:1,(anonymous_16)
FNDA:0,(anonymous_17)
FNDA:1,(anonymous_18)
FNDA:0,(anonymous_19)
DA:1,7
DA:2,7
DA:3,7
DA:4,7
DA:7,7
DA:10,7
DA:13,2
DA:17,1
DA:18,1
DA:22,1
DA:26,0
DA:30,1
DA:34,0
DA:38,1
DA:40,1
DA:41,1
DA:42,1
DA:45,1
DA:46,1
DA:50,0
LF:20
LH:17
BRDA:40,0,0,1
BRDA:40,0,1,0
BRDA:13,1,0,7
BRDA:13,1,1,0
BRDA:13,2,0,7
BRDA:13,2,1,7
BRF:6
BRH:4
end_of_record
